#
# A fatal error has been detected by the Java Runtime Environment:
#
#  EXCEPTION_ACCESS_VIOLATION (0xc0000005) at pc=0x00000140a1b0c8d5, pid=11352, tid=1888
#
# JRE version: OpenJDK Runtime Environment (11.0.12+7) (build 11.0.12+7-b1504.28-7817840)
# Java VM: OpenJDK 64-Bit Server VM (11.0.12+7-b1504.28-7817840, mixed mode, tiered, compressed oops, g1 gc, windows-amd64)
# Problematic frame:
# J 2129 c1 com.google.common.collect.ImmutableMap$Builder.ensureCapacity(I)V (38 bytes) @ 0x00000140a1b0c8d5 [0x00000140a1b0c680+0x0000000000000255]
#
# No core dump will be written. Minidumps are not enabled by default on client versions of Windows
#
# If you would like to submit a bug report, please visit:
#   https://bugreport.java.com/bugreport/crash.jsp
#

---------------  S U M M A R Y ------------

Command Line: --add-opens=java.base/java.util=ALL-UNNAMED --add-opens=java.base/java.lang=ALL-UNNAMED --add-opens=java.base/java.lang.invoke=ALL-UNNAMED --add-opens=java.base/java.util=ALL-UNNAMED --add-opens=java.prefs/java.util.prefs=ALL-UNNAMED --add-opens=java.prefs/java.util.prefs=ALL-UNNAMED --add-opens=java.base/java.nio.charset=ALL-UNNAMED --add-opens=java.base/java.net=ALL-UNNAMED --add-opens=java.base/java.util.concurrent.atomic=ALL-UNNAMED -Xmx2048m -Dfile.encoding=UTF-8 -Duser.country=US -Duser.language=en -Duser.variant org.gradle.launcher.daemon.bootstrap.GradleDaemon 7.3.3

Host: Intel(R) Core(TM) i7-8565U CPU @ 1.80GHz, 8 cores, 15G,  Windows 10 , 64 bit Build 22621 (10.0.22621.590)
Time: Wed Sep  7 15:22:18 2022 Bangladesh Standard Time elapsed time: 16.563416 seconds (0d 0h 0m 16s)

---------------  T H R E A D  ---------------

Current thread (0x00000140b9b76800):  JavaThread "Daemon worker" [_thread_in_Java, id=1888, stack(0x000000234a400000,0x000000234a500000)]

Stack: [0x000000234a400000,0x000000234a500000],  sp=0x000000234a4f78f0,  free space=990k
Native frames: (J=compiled Java code, j=interpreted, Vv=VM code, C=native code)
C  0x00000140a1b0c8d5


siginfo: EXCEPTION_ACCESS_VIOLATION (0xc0000005), writing address 0x000000000000001f


Register to memory mapping:

RIP=0x00000140a1b0c8d5 is at entry_point+597 in (nmethod*)0x00000140a1b0c490
RAX=0x000000008f8c1118 is an oop: [Ljava.util.Map$Entry; 
{0x000000008f8c1118} - klass: 'java/util/Map$Entry'[]
 - length: 7
RBX=0x00000140be2d4330 is pointing into metadata
RCX=0x0000000000000004 is an unknown value
RDX=0x0000000000000007 is an unknown value
RSP=0x000000234a4f78f0 is pointing into the stack for thread: 0x00000140b9b76800
RBP=0x000000234a4f7c98 is pointing into the stack for thread: 0x00000140b9b76800
RSI=0x000000008f8c1118 is an oop: [Ljava.util.Map$Entry; 
{0x000000008f8c1118} - klass: 'java/util/Map$Entry'[]
 - length: 7
RDI=0x0 is NULL
R8 =0x0000000000000004 is an unknown value
R9 =0x000000008f8c1128 is pointing into object: [Ljava.util.Map$Entry; 
{0x000000008f8c1118} - klass: 'java/util/Map$Entry'[]
 - length: 7
R10=0x000000008f8c1118 is an oop: [Ljava.util.Map$Entry; 
{0x000000008f8c1118} - klass: 'java/util/Map$Entry'[]
 - length: 7
R11=0x000000008f8c1128 is pointing into object: [Ljava.util.Map$Entry; 
{0x000000008f8c1118} - klass: 'java/util/Map$Entry'[]
 - length: 7
R12=0x0 is NULL
R13=0x000000008f8c1060 is pointing into object: [Ljava.util.Map$Entry; 
{0x000000008f8c1050} - klass: 'java/util/Map$Entry'[]
 - length: 4
R14=0x0000000000000004 is an unknown value
R15=0x00000140b9b76800 is a thread


Registers:
RAX=0x000000008f8c1118, RBX=0x00000140be2d4330, RCX=0x0000000000000004, RDX=0x0000000000000007
RSP=0x000000234a4f78f0, RBP=0x000000234a4f7c98, RSI=0x000000008f8c1118, RDI=0x0000000000000000
R8 =0x0000000000000004, R9 =0x000000008f8c1128, R10=0x000000008f8c1118, R11=0x000000008f8c1128
R12=0x0000000000000000, R13=0x000000008f8c1060, R14=0x0000000000000004, R15=0x00000140b9b76800
RIP=0x00000140a1b0c8d5, EFLAGS=0x0000000000010246

Top of Stack: (sp=0x000000234a4f78f0)
0x000000234a4f78f0:   000000234a4f7c98 00000140a1b8298c
0x000000234a4f7900:   000000008f8c0ff8 0000000080eb0770
0x000000234a4f7910:   000000234a4f7c98 00000140a2235d9c
0x000000234a4f7920:   000000008f8bef50 000000008f8bf008
0x000000234a4f7930:   00000000816c5668 000000008f8c1050
0x000000234a4f7940:   000000008f8c1030 00000140a22821e8
0x000000234a4f7950:   000000234a4f7c98 00000140a2282544
0x000000234a4f7960:   000000008f8c1100 000000008f8a95c8
0x000000234a4f7970:   00000001000fbb48 000000008f8be5a0
0x000000234a4f7980:   00000000000002a0 000000008f8be5d0
0x000000234a4f7990:   000000008f8be5e8 000000008f8be5b8
0x000000234a4f79a0:   000000234a4f7a18 00000140a1109c90
0x000000234a4f79b0:   000000234a4f7a18 00000140a1109c90
0x000000234a4f79c0:   000000234a4f7a28 00000001000091a8
0x000000234a4f79d0:   0000000100008588 000000008f8be770
0x000000234a4f79e0:   000000234a4f79e0 00000140be5680f5 

Instructions: (pc=0x00000140a1b0c8d5)
0x00000140a1b0c7d5:   8b 79 01 00 00 01 e9 dc 00 00 00 48 be 58 ba 01
0x00000140a1b0c7e5:   00 01 00 00 00 8b 58 08 48 c1 e3 03 48 3b 73 20
0x00000140a1b0c7f5:   0f 84 1b 00 00 00 48 3b de 0f 84 12 00 00 00 53
0x00000140a1b0c805:   56 e8 75 6e 6e ff 5b 5b 83 fb 00 0f 84 8a 00 00
0x00000140a1b0c815:   00 48 bb 30 43 2d be 40 01 00 00 8b 70 08 48 c1
0x00000140a1b0c825:   e6 03 48 3b b3 90 01 00 00 75 0d 48 83 83 98 01
0x00000140a1b0c835:   00 00 01 e9 7f 00 00 00 48 3b b3 a0 01 00 00 75
0x00000140a1b0c845:   0d 48 83 83 a8 01 00 00 01 e9 69 00 00 00 48 81
0x00000140a1b0c855:   bb 90 01 00 00 00 00 00 00 75 17 48 89 b3 90 01
0x00000140a1b0c865:   00 00 48 c7 83 98 01 00 00 01 00 00 00 e9 45 00
0x00000140a1b0c875:   00 00 48 81 bb a0 01 00 00 00 00 00 00 75 17 48
0x00000140a1b0c885:   89 b3 a0 01 00 00 48 c7 83 a8 01 00 00 01 00 00
0x00000140a1b0c895:   00 e9 21 00 00 00 e9 1c 00 00 00 48 bb 30 43 2d
0x00000140a1b0c8a5:   be 40 01 00 00 48 83 ab 80 01 00 00 01 e9 96 00
0x00000140a1b0c8b5:   00 00 e9 00 00 00 00 48 8b f0 41 0f be 7f 30 83
0x00000140a1b0c8c5:   ff 00 48 8b 54 24 d0 0f 85 84 00 00 00 4c 8b d6
0x00000140a1b0c8d5:   44 89 52 18 48 8b fa 48 33 fe 48 c1 ef 14 48 83
0x00000140a1b0c8e5:   ff 00 0f 85 84 00 00 00 c6 42 10 00 48 83 c4 60
0x00000140a1b0c8f5:   5d 4d 8b 97 08 01 00 00 41 85 02 c3 49 ba c8 98
0x00000140a1b0c905:   5b bc 40 01 00 00 4c 89 54 24 08 48 c7 04 24 ff
0x00000140a1b0c915:   ff ff ff e8 63 97 6e ff e9 b2 fd ff ff e8 79 43
0x00000140a1b0c925:   6e ff 49 ba 80 ae c7 b7 40 01 00 00 4c 89 54 24
0x00000140a1b0c935:   08 48 c7 04 24 ff ff ff ff e8 3d 97 6e ff e9 33
0x00000140a1b0c945:   fe ff ff e8 53 43 6e ff 48 89 04 24 e8 4a 67 6e
0x00000140a1b0c955:   ff 8b 7a 18 48 83 ff 00 0f 84 6f ff ff ff 48 89
0x00000140a1b0c965:   3c 24 e8 14 9d 6e ff e9 61 ff ff ff 48 83 fe 00
0x00000140a1b0c975:   0f 84 72 ff ff ff 48 89 14 24 e8 fc 9f 6e ff e9
0x00000140a1b0c985:   64 ff ff ff 90 90 49 8b 87 20 04 00 00 49 ba 00
0x00000140a1b0c995:   00 00 00 00 00 00 00 4d 89 97 20 04 00 00 49 ba
0x00000140a1b0c9a5:   00 00 00 00 00 00 00 00 4d 89 97 28 04 00 00 48
0x00000140a1b0c9b5:   83 c4 60 5d e9 42 63 65 ff f4 f4 0f 1f 44 00 00
0x00000140a1b0c9c5:   48 bb 40 d8 08 ba 40 01 00 00 e9 7f 3b 63 ff 90 


Stack slot to memory mapping:
stack at sp + 0 slots: 0x000000234a4f7c98 is pointing into the stack for thread: 0x00000140b9b76800
stack at sp + 1 slots: 0x00000140a1b8298c is at entry_point+620 in (nmethod*)0x00000140a1b82510
stack at sp + 2 slots: 0x000000008f8c0ff8 is an oop: com.google.common.collect.RegularImmutableMap 
{0x000000008f8c0ff8} - klass: 'com/google/common/collect/RegularImmutableMap'
stack at sp + 3 slots: 0x0000000080eb0770 is an oop: java.lang.Class 
{0x0000000080eb0770} - klass: 'java/lang/Class'
stack at sp + 4 slots: 0x000000234a4f7c98 is pointing into the stack for thread: 0x00000140b9b76800
stack at sp + 5 slots: 0x00000140a2235d9c is at entry_point+316 in (nmethod*)0x00000140a2235a90
stack at sp + 6 slots: 0x000000008f8bef50 is an oop: sun.reflect.generics.reflectiveObjects.TypeVariableImpl 
{0x000000008f8bef50} - klass: 'sun/reflect/generics/reflectiveObjects/TypeVariableImpl'
stack at sp + 7 slots: 0x000000008f8bf008 is an oop: com.google.common.reflect.TypeResolver$TypeVariableKey 
{0x000000008f8bf008} - klass: 'com/google/common/reflect/TypeResolver$TypeVariableKey'



---------------  P R O C E S S  ---------------

Threads class SMR info:
_java_thread_list=0x00000140bd527590, length=124, elements={
0x000001409d5fd000, 0x00000140b8303800, 0x00000140b8305800, 0x00000140b835d800,
0x00000140b8360800, 0x00000140b8363800, 0x00000140b836c800, 0x00000140b8371000,
0x00000140b837d800, 0x00000140b84e8000, 0x00000140b9d04800, 0x00000140b8634000,
0x00000140b9c7c800, 0x00000140b9d1e800, 0x00000140ba500000, 0x00000140baf2e800,
0x00000140b9b76800, 0x00000140ba2f5800, 0x00000140ba76d800, 0x00000140ba821800,
0x00000140ba822800, 0x00000140ba824000, 0x00000140ba823000, 0x00000140ba820000,
0x00000140ba81e800, 0x00000140ba825000, 0x00000140ba81f000, 0x00000140ba820800,
0x00000140bb8a9800, 0x00000140bb8aa800, 0x00000140bb8ab000, 0x00000140bb8ac000,
0x00000140bb8ad800, 0x00000140bb8a8000, 0x00000140bb8ae800, 0x00000140bb6f0800,
0x00000140bb6ec800, 0x00000140bb6ee000, 0x00000140bb6ef000, 0x00000140bb6f1800,
0x00000140bb6ec000, 0x00000140bb6f0000, 0x00000140bb6ed800, 0x00000140bb6f4000,
0x00000140bb6f2800, 0x00000140bb6f8000, 0x00000140bb6f5000, 0x00000140bb6f3000,
0x00000140bb6f7000, 0x00000140bb6fa800, 0x00000140bb6f9000, 0x00000140bb6f9800,
0x00000140bb6f5800, 0x00000140bb6f6800, 0x00000140bbc58000, 0x00000140bbc5d800,
0x00000140bbc5c000, 0x00000140bbc5b000, 0x00000140bbc5d000, 0x00000140bbc5e800,
0x00000140bbc58800, 0x00000140bbc59800, 0x00000140bbc5a800, 0x00000140bbc6c800,
0x00000140bbc6b800, 0x00000140bbc67000, 0x00000140bbc67800, 0x00000140bbc6a000,
0x00000140bbc69800, 0x00000140bbc68800, 0x00000140bbc6d800, 0x00000140bbc70000,
0x00000140bbc70800, 0x00000140bbc6e000, 0x00000140bbc6f000, 0x00000140bbc6b000,
0x00000140bbc74800, 0x00000140bbc72000, 0x00000140bbc71800, 0x00000140bbc75800,
0x00000140bbc73000, 0x00000140bbc74000, 0x00000140bd2f1000, 0x00000140bd2ec000,
0x00000140bd2ee800, 0x00000140bd2ee000, 0x00000140bd2ef800, 0x00000140bd2ed000,
0x00000140bd2f2000, 0x00000140bd2f2800, 0x00000140bd2f0000, 0x00000140bd375800,
0x00000140bd378000, 0x00000140bd376800, 0x00000140bd372800, 0x00000140bd377800,
0x00000140bd373000, 0x00000140bd379000, 0x00000140bd37a000, 0x00000140bd374000,
0x00000140bd37a800, 0x00000140bd375000, 0x00000140bd37e000, 0x00000140bd37e800,
0x00000140bd37b800, 0x00000140bd37d000, 0x00000140bd380800, 0x00000140bd37f800,
0x00000140bd381000, 0x00000140bd37c000, 0x00000140ba723800, 0x00000140ba724000,
0x00000140ba71f000, 0x00000140ba725000, 0x00000140ba720000, 0x00000140ba722800,
0x00000140ba725800, 0x00000140ba721000, 0x00000140ba726800, 0x00000140ba721800,
0x00000140ba72a800, 0x00000140b8522800, 0x00000140bad71800, 0x00000140ba72b800
}

Java Threads: ( => current thread )
  0x000001409d5fd000 JavaThread "main" [_thread_blocked, id=6728, stack(0x0000002348800000,0x0000002348900000)]
  0x00000140b8303800 JavaThread "Reference Handler" daemon [_thread_blocked, id=7096, stack(0x0000002348f00000,0x0000002349000000)]
  0x00000140b8305800 JavaThread "Finalizer" daemon [_thread_blocked, id=7588, stack(0x0000002349000000,0x0000002349100000)]
  0x00000140b835d800 JavaThread "Signal Dispatcher" daemon [_thread_blocked, id=7648, stack(0x0000002349100000,0x0000002349200000)]
  0x00000140b8360800 JavaThread "Attach Listener" daemon [_thread_blocked, id=3868, stack(0x0000002349200000,0x0000002349300000)]
  0x00000140b8363800 JavaThread "Service Thread" daemon [_thread_blocked, id=6628, stack(0x0000002349300000,0x0000002349400000)]
  0x00000140b836c800 JavaThread "C2 CompilerThread0" daemon [_thread_blocked, id=2376, stack(0x0000002349400000,0x0000002349500000)]
  0x00000140b8371000 JavaThread "C1 CompilerThread0" daemon [_thread_blocked, id=1764, stack(0x0000002349500000,0x0000002349600000)]
  0x00000140b837d800 JavaThread "Sweeper thread" daemon [_thread_blocked, id=2364, stack(0x0000002349600000,0x0000002349700000)]
  0x00000140b84e8000 JavaThread "Common-Cleaner" daemon [_thread_blocked, id=6444, stack(0x0000002349700000,0x0000002349800000)]
  0x00000140b9d04800 JavaThread "Daemon health stats" [_thread_blocked, id=8396, stack(0x000000234a000000,0x000000234a100000)]
  0x00000140b8634000 JavaThread "Incoming local TCP Connector on port 49922" [_thread_in_native, id=11984, stack(0x0000002349900000,0x0000002349a00000)]
  0x00000140b9c7c800 JavaThread "Daemon periodic checks" [_thread_blocked, id=13120, stack(0x0000002349a00000,0x0000002349b00000)]
  0x00000140b9d1e800 JavaThread "Daemon" [_thread_blocked, id=10040, stack(0x000000234a100000,0x000000234a200000)]
  0x00000140ba500000 JavaThread "Handler for socket connection from /127.0.0.1:49922 to /127.0.0.1:49923" [_thread_in_native, id=9016, stack(0x000000234a200000,0x000000234a300000)]
  0x00000140baf2e800 JavaThread "Cancel handler" [_thread_blocked, id=8400, stack(0x000000234a300000,0x000000234a400000)]
=>0x00000140b9b76800 JavaThread "Daemon worker" [_thread_in_Java, id=1888, stack(0x000000234a400000,0x000000234a500000)]
  0x00000140ba2f5800 JavaThread "Asynchronous log dispatcher for DefaultDaemonConnection: socket connection from /127.0.0.1:49922 to /127.0.0.1:49923" [_thread_blocked, id=5504, stack(0x000000234a500000,0x000000234a600000)]
  0x00000140ba76d800 JavaThread "Stdin handler" [_thread_blocked, id=8240, stack(0x000000234a600000,0x000000234a700000)]
  0x00000140ba821800 JavaThread "Daemon client event forwarder" [_thread_blocked, id=9232, stack(0x000000234a700000,0x000000234a800000)]
  0x00000140ba822800 JavaThread "Cache worker for journal cache (C:\Users\Asus\.gradle\caches\journal-1)" [_thread_blocked, id=11252, stack(0x000000234a800000,0x000000234a900000)]
  0x00000140ba824000 JavaThread "File lock request listener" [_thread_in_native, id=6376, stack(0x000000234a900000,0x000000234aa00000)]
  0x00000140ba823000 JavaThread "Cache worker for file hash cache (C:\Users\Asus\.gradle\caches\7.3.3\fileHashes)" [_thread_blocked, id=9796, stack(0x000000234aa00000,0x000000234ab00000)]
  0x00000140ba820000 JavaThread "Cache worker for file hash cache (D:\FinalProjectCSE489\FinalProjectCSE489\.gradle\7.3.3\fileHashes)" [_thread_blocked, id=10336, stack(0x000000234af00000,0x000000234b000000)]
  0x00000140ba81e800 JavaThread "File watcher server" daemon [_thread_in_native, id=1716, stack(0x000000234b000000,0x000000234b100000)]
  0x00000140ba825000 JavaThread "File watcher consumer" daemon [_thread_blocked, id=8604, stack(0x000000234b100000,0x000000234b200000)]
  0x00000140ba81f000 JavaThread "Cache worker for checksums cache (D:\FinalProjectCSE489\FinalProjectCSE489\.gradle\7.3.3\checksums)" [_thread_blocked, id=9876, stack(0x000000234b200000,0x000000234b300000)]
  0x00000140ba820800 JavaThread "Cache worker for cache directory md-supplier (C:\Users\Asus\.gradle\caches\7.3.3\md-supplier)" [_thread_blocked, id=10396, stack(0x000000234b400000,0x000000234b500000)]
  0x00000140bb8a9800 JavaThread "Cache worker for cache directory md-rule (C:\Users\Asus\.gradle\caches\7.3.3\md-rule)" [_thread_blocked, id=7336, stack(0x000000234b500000,0x000000234b600000)]
  0x00000140bb8aa800 JavaThread "Cache worker for execution history cache (C:\Users\Asus\.gradle\caches\7.3.3\executionHistory)" [_thread_blocked, id=10896, stack(0x000000234b600000,0x000000234b700000)]
  0x00000140bb8ab000 JavaThread "jar transforms" [_thread_blocked, id=10980, stack(0x000000234b700000,0x000000234b800000)]
  0x00000140bb8ac000 JavaThread "Cache worker for file content cache (C:\Users\Asus\.gradle\caches\7.3.3\fileContent)" [_thread_blocked, id=4556, stack(0x000000234b800000,0x000000234b900000)]
  0x00000140bb8ad800 JavaThread "jar transforms Thread 2" [_thread_blocked, id=8932, stack(0x000000234b900000,0x000000234ba00000)]
  0x00000140bb8a8000 JavaThread "Cache worker for dependencies-accessors (D:\FinalProjectCSE489\FinalProjectCSE489\.gradle\7.3.3\dependencies-accessors)" [_thread_blocked, id=11700, stack(0x000000234ba00000,0x000000234bb00000)]
  0x00000140bb8ae800 JavaThread "jar transforms Thread 3" [_thread_blocked, id=7248, stack(0x000000234bb00000,0x000000234bc00000)]
  0x00000140bb6f0800 JavaThread "Cache worker for Build Output Cleanup Cache (D:\FinalProjectCSE489\FinalProjectCSE489\.gradle\buildOutputCleanup)" [_thread_blocked, id=5660, stack(0x000000234ae00000,0x000000234af00000)]
  0x00000140bb6ec800 JavaThread "Unconstrained build operations" [_thread_blocked, id=10492, stack(0x000000234bc00000,0x000000234bd00000)]
  0x00000140bb6ee000 JavaThread "Unconstrained build operations Thread 2" [_thread_blocked, id=10296, stack(0x000000234bd00000,0x000000234be00000)]
  0x00000140bb6ef000 JavaThread "Unconstrained build operations Thread 3" [_thread_blocked, id=10340, stack(0x000000234be00000,0x000000234bf00000)]
  0x00000140bb6f1800 JavaThread "Unconstrained build operations Thread 4" [_thread_blocked, id=1736, stack(0x000000234bf00000,0x000000234c000000)]
  0x00000140bb6ec000 JavaThread "Unconstrained build operations Thread 5" [_thread_blocked, id=1708, stack(0x000000234c000000,0x000000234c100000)]
  0x00000140bb6f0000 JavaThread "Unconstrained build operations Thread 6" [_thread_blocked, id=1616, stack(0x000000234c100000,0x000000234c200000)]
  0x00000140bb6ed800 JavaThread "Unconstrained build operations Thread 7" [_thread_blocked, id=13692, stack(0x000000234c200000,0x000000234c300000)]
  0x00000140bb6f4000 JavaThread "Unconstrained build operations Thread 8" [_thread_blocked, id=13688, stack(0x000000234c300000,0x000000234c400000)]
  0x00000140bb6f2800 JavaThread "Unconstrained build operations Thread 9" [_thread_blocked, id=11484, stack(0x000000234c400000,0x000000234c500000)]
  0x00000140bb6f8000 JavaThread "Unconstrained build operations Thread 10" [_thread_blocked, id=9532, stack(0x000000234c500000,0x000000234c600000)]
  0x00000140bb6f5000 JavaThread "Unconstrained build operations Thread 11" [_thread_blocked, id=9228, stack(0x000000234c600000,0x000000234c700000)]
  0x00000140bb6f3000 JavaThread "Unconstrained build operations Thread 12" [_thread_blocked, id=10544, stack(0x000000234c700000,0x000000234c800000)]
  0x00000140bb6f7000 JavaThread "Unconstrained build operations Thread 13" [_thread_blocked, id=3196, stack(0x000000234c800000,0x000000234c900000)]
  0x00000140bb6fa800 JavaThread "Unconstrained build operations Thread 14" [_thread_blocked, id=10656, stack(0x000000234c900000,0x000000234ca00000)]
  0x00000140bb6f9000 JavaThread "Unconstrained build operations Thread 15" [_thread_blocked, id=10152, stack(0x000000234ca00000,0x000000234cb00000)]
  0x00000140bb6f9800 JavaThread "Unconstrained build operations Thread 16" [_thread_blocked, id=9480, stack(0x000000234cb00000,0x000000234cc00000)]
  0x00000140bb6f5800 JavaThread "Unconstrained build operations Thread 17" [_thread_blocked, id=1744, stack(0x000000234cc00000,0x000000234cd00000)]
  0x00000140bb6f6800 JavaThread "Unconstrained build operations Thread 18" [_thread_blocked, id=7528, stack(0x000000234cd00000,0x000000234ce00000)]
  0x00000140bbc58000 JavaThread "Unconstrained build operations Thread 19" [_thread_blocked, id=8804, stack(0x000000234ce00000,0x000000234cf00000)]
  0x00000140bbc5d800 JavaThread "Unconstrained build operations Thread 20" [_thread_blocked, id=13332, stack(0x000000234cf00000,0x000000234d000000)]
  0x00000140bbc5c000 JavaThread "Unconstrained build operations Thread 21" [_thread_blocked, id=6228, stack(0x000000234d000000,0x000000234d100000)]
  0x00000140bbc5b000 JavaThread "Unconstrained build operations Thread 22" [_thread_blocked, id=8208, stack(0x000000234d100000,0x000000234d200000)]
  0x00000140bbc5d000 JavaThread "Unconstrained build operations Thread 23" [_thread_blocked, id=9264, stack(0x000000234d200000,0x000000234d300000)]
  0x00000140bbc5e800 JavaThread "Unconstrained build operations Thread 24" [_thread_blocked, id=6308, stack(0x000000234d300000,0x000000234d400000)]
  0x00000140bbc58800 JavaThread "Unconstrained build operations Thread 25" [_thread_blocked, id=8660, stack(0x000000234d400000,0x000000234d500000)]
  0x00000140bbc59800 JavaThread "Unconstrained build operations Thread 26" [_thread_blocked, id=6760, stack(0x000000234d500000,0x000000234d600000)]
  0x00000140bbc5a800 JavaThread "Unconstrained build operations Thread 27" [_thread_blocked, id=8960, stack(0x000000234d600000,0x000000234d700000)]
  0x00000140bbc6c800 JavaThread "Unconstrained build operations Thread 28" [_thread_blocked, id=9416, stack(0x000000234d700000,0x000000234d800000)]
  0x00000140bbc6b800 JavaThread "Unconstrained build operations Thread 29" [_thread_blocked, id=8432, stack(0x000000234d800000,0x000000234d900000)]
  0x00000140bbc67000 JavaThread "Unconstrained build operations Thread 30" [_thread_blocked, id=11780, stack(0x000000234d900000,0x000000234da00000)]
  0x00000140bbc67800 JavaThread "Unconstrained build operations Thread 31" [_thread_blocked, id=9100, stack(0x000000234da00000,0x000000234db00000)]
  0x00000140bbc6a000 JavaThread "Unconstrained build operations Thread 32" [_thread_blocked, id=3864, stack(0x000000234db00000,0x000000234dc00000)]
  0x00000140bbc69800 JavaThread "Unconstrained build operations Thread 33" [_thread_blocked, id=6464, stack(0x000000234dc00000,0x000000234dd00000)]
  0x00000140bbc68800 JavaThread "Unconstrained build operations Thread 34" [_thread_blocked, id=5628, stack(0x000000234dd00000,0x000000234de00000)]
  0x00000140bbc6d800 JavaThread "Unconstrained build operations Thread 35" [_thread_blocked, id=3860, stack(0x000000234de00000,0x000000234df00000)]
  0x00000140bbc70000 JavaThread "Unconstrained build operations Thread 36" [_thread_blocked, id=11952, stack(0x000000234df00000,0x000000234e000000)]
  0x00000140bbc70800 JavaThread "Unconstrained build operations Thread 37" [_thread_blocked, id=7292, stack(0x000000234e000000,0x000000234e100000)]
  0x00000140bbc6e000 JavaThread "Unconstrained build operations Thread 38" [_thread_blocked, id=8424, stack(0x000000234e100000,0x000000234e200000)]
  0x00000140bbc6f000 JavaThread "Unconstrained build operations Thread 39" [_thread_blocked, id=8472, stack(0x000000234e200000,0x000000234e300000)]
  0x00000140bbc6b000 JavaThread "Unconstrained build operations Thread 40" [_thread_blocked, id=8568, stack(0x000000234e300000,0x000000234e400000)]
  0x00000140bbc74800 JavaThread "Unconstrained build operations Thread 41" [_thread_blocked, id=8436, stack(0x000000234e400000,0x000000234e500000)]
  0x00000140bbc72000 JavaThread "Unconstrained build operations Thread 42" [_thread_blocked, id=10044, stack(0x000000234e500000,0x000000234e600000)]
  0x00000140bbc71800 JavaThread "Unconstrained build operations Thread 43" [_thread_blocked, id=10036, stack(0x000000234e600000,0x000000234e700000)]
  0x00000140bbc75800 JavaThread "Unconstrained build operations Thread 44" [_thread_blocked, id=10020, stack(0x000000234e700000,0x000000234e800000)]
  0x00000140bbc73000 JavaThread "Unconstrained build operations Thread 45" [_thread_blocked, id=10016, stack(0x000000234e800000,0x000000234e900000)]
  0x00000140bbc74000 JavaThread "Unconstrained build operations Thread 46" [_thread_blocked, id=10136, stack(0x000000234e900000,0x000000234ea00000)]
  0x00000140bd2f1000 JavaThread "Unconstrained build operations Thread 47" [_thread_blocked, id=9864, stack(0x000000234ea00000,0x000000234eb00000)]
  0x00000140bd2ec000 JavaThread "Unconstrained build operations Thread 48" [_thread_blocked, id=9868, stack(0x000000234eb00000,0x000000234ec00000)]
  0x00000140bd2ee800 JavaThread "Unconstrained build operations Thread 49" [_thread_blocked, id=9844, stack(0x000000234ec00000,0x000000234ed00000)]
  0x00000140bd2ee000 JavaThread "Unconstrained build operations Thread 50" [_thread_blocked, id=9856, stack(0x000000234ed00000,0x000000234ee00000)]
  0x00000140bd2ef800 JavaThread "Unconstrained build operations Thread 51" [_thread_blocked, id=8572, stack(0x000000234ee00000,0x000000234ef00000)]
  0x00000140bd2ed000 JavaThread "Unconstrained build operations Thread 52" [_thread_blocked, id=8576, stack(0x000000234ef00000,0x000000234f000000)]
  0x00000140bd2f2000 JavaThread "Unconstrained build operations Thread 53" [_thread_blocked, id=8624, stack(0x000000234f000000,0x000000234f100000)]
  0x00000140bd2f2800 JavaThread "Unconstrained build operations Thread 54" [_thread_blocked, id=9840, stack(0x000000234f100000,0x000000234f200000)]
  0x00000140bd2f0000 JavaThread "Unconstrained build operations Thread 55" [_thread_blocked, id=8856, stack(0x000000234f200000,0x000000234f300000)]
  0x00000140bd375800 JavaThread "Unconstrained build operations Thread 56" [_thread_blocked, id=10652, stack(0x000000234f300000,0x000000234f400000)]
  0x00000140bd378000 JavaThread "Unconstrained build operations Thread 57" [_thread_blocked, id=9064, stack(0x000000234f400000,0x000000234f500000)]
  0x00000140bd376800 JavaThread "Unconstrained build operations Thread 58" [_thread_blocked, id=8524, stack(0x000000234f500000,0x000000234f600000)]
  0x00000140bd372800 JavaThread "Unconstrained build operations Thread 59" [_thread_blocked, id=11532, stack(0x000000234f600000,0x000000234f700000)]
  0x00000140bd377800 JavaThread "Unconstrained build operations Thread 60" [_thread_blocked, id=8784, stack(0x000000234f700000,0x000000234f800000)]
  0x00000140bd373000 JavaThread "Unconstrained build operations Thread 61" [_thread_blocked, id=10624, stack(0x000000234f800000,0x000000234f900000)]
  0x00000140bd379000 JavaThread "Unconstrained build operations Thread 62" [_thread_blocked, id=10964, stack(0x000000234f900000,0x000000234fa00000)]
  0x00000140bd37a000 JavaThread "Unconstrained build operations Thread 63" [_thread_blocked, id=13260, stack(0x000000234fa00000,0x000000234fb00000)]
  0x00000140bd374000 JavaThread "Unconstrained build operations Thread 64" [_thread_blocked, id=10908, stack(0x000000234fb00000,0x000000234fc00000)]
  0x00000140bd37a800 JavaThread "Unconstrained build operations Thread 65" [_thread_blocked, id=8468, stack(0x000000234fc00000,0x000000234fd00000)]
  0x00000140bd375000 JavaThread "Unconstrained build operations Thread 66" [_thread_blocked, id=11796, stack(0x000000234fd00000,0x000000234fe00000)]
  0x00000140bd37e000 JavaThread "Unconstrained build operations Thread 67" [_thread_blocked, id=9924, stack(0x000000234fe00000,0x000000234ff00000)]
  0x00000140bd37e800 JavaThread "Unconstrained build operations Thread 68" [_thread_blocked, id=10704, stack(0x000000234ff00000,0x0000002350000000)]
  0x00000140bd37b800 JavaThread "Unconstrained build operations Thread 69" [_thread_blocked, id=10564, stack(0x0000002350000000,0x0000002350100000)]
  0x00000140bd37d000 JavaThread "Unconstrained build operations Thread 70" [_thread_blocked, id=11704, stack(0x0000002350100000,0x0000002350200000)]
  0x00000140bd380800 JavaThread "Unconstrained build operations Thread 71" [_thread_blocked, id=1760, stack(0x0000002350200000,0x0000002350300000)]
  0x00000140bd37f800 JavaThread "Unconstrained build operations Thread 72" [_thread_blocked, id=1964, stack(0x0000002350300000,0x0000002350400000)]
  0x00000140bd381000 JavaThread "Unconstrained build operations Thread 73" [_thread_blocked, id=5004, stack(0x0000002350400000,0x0000002350500000)]
  0x00000140bd37c000 JavaThread "Unconstrained build operations Thread 74" [_thread_blocked, id=1016, stack(0x0000002350500000,0x0000002350600000)]
  0x00000140ba723800 JavaThread "Unconstrained build operations Thread 75" [_thread_blocked, id=2000, stack(0x0000002350600000,0x0000002350700000)]
  0x00000140ba724000 JavaThread "Unconstrained build operations Thread 76" [_thread_blocked, id=12040, stack(0x0000002350700000,0x0000002350800000)]
  0x00000140ba71f000 JavaThread "Unconstrained build operations Thread 77" [_thread_blocked, id=12024, stack(0x0000002350800000,0x0000002350900000)]
  0x00000140ba725000 JavaThread "Unconstrained build operations Thread 78" [_thread_blocked, id=12036, stack(0x0000002350900000,0x0000002350a00000)]
  0x00000140ba720000 JavaThread "Unconstrained build operations Thread 79" [_thread_blocked, id=12048, stack(0x0000002350a00000,0x0000002350b00000)]
  0x00000140ba722800 JavaThread "Unconstrained build operations Thread 80" [_thread_blocked, id=12044, stack(0x0000002350b00000,0x0000002350c00000)]
  0x00000140ba725800 JavaThread "jar transforms Thread 4" [_thread_blocked, id=5008, stack(0x0000002350d00000,0x0000002350e00000)]
  0x00000140ba721000 JavaThread "jar transforms Thread 5" [_thread_blocked, id=2688, stack(0x0000002350e00000,0x0000002350f00000)]
  0x00000140ba726800 JavaThread "jar transforms Thread 6" [_thread_blocked, id=12824, stack(0x0000002350f00000,0x0000002351000000)]
  0x00000140ba721800 JavaThread "jar transforms Thread 7" [_thread_blocked, id=6560, stack(0x0000002351000000,0x0000002351100000)]
  0x00000140ba72a800 JavaThread "jar transforms Thread 8" [_thread_blocked, id=2420, stack(0x0000002351100000,0x0000002351200000)]
  0x00000140b8522800 JavaThread "C2 CompilerThread1" daemon [_thread_in_native, id=12100, stack(0x000000234b300000,0x000000234b400000)]
  0x00000140bad71800 JavaThread "C2 CompilerThread2" daemon [_thread_in_native, id=11936, stack(0x0000002350c00000,0x0000002350d00000)]
  0x00000140ba72b800 JavaThread "Memory manager" [_thread_blocked, id=9280, stack(0x0000002351200000,0x0000002351300000)]

Other Threads:
  0x00000140b82fb000 VMThread "VM Thread" [stack: 0x0000002348e00000,0x0000002348f00000] [id=6716]
  0x00000140b854c000 WatcherThread [stack: 0x0000002349800000,0x0000002349900000] [id=8588]
  0x000001409d616800 GCTaskThread "GC Thread#0" [stack: 0x0000002348900000,0x0000002348a00000] [id=6412]
  0x00000140b8f9a000 GCTaskThread "GC Thread#1" [stack: 0x0000002349b00000,0x0000002349c00000] [id=10916]
  0x00000140b8bb5800 GCTaskThread "GC Thread#2" [stack: 0x0000002349c00000,0x0000002349d00000] [id=1804]
  0x00000140b93b9000 GCTaskThread "GC Thread#3" [stack: 0x0000002349d00000,0x0000002349e00000] [id=6744]
  0x00000140b9500000 GCTaskThread "GC Thread#4" [stack: 0x0000002349e00000,0x0000002349f00000] [id=10400]
  0x00000140b95f5000 GCTaskThread "GC Thread#5" [stack: 0x0000002349f00000,0x000000234a000000] [id=8724]
  0x00000140ba4e2000 GCTaskThread "GC Thread#6" [stack: 0x000000234ab00000,0x000000234ac00000] [id=5796]
  0x00000140ba4df800 GCTaskThread "GC Thread#7" [stack: 0x000000234ac00000,0x000000234ad00000] [id=10048]
  0x000001409d649000 ConcurrentGCThread "G1 Main Marker" [stack: 0x0000002348a00000,0x0000002348b00000] [id=6668]
  0x000001409d64a000 ConcurrentGCThread "G1 Conc#0" [stack: 0x0000002348b00000,0x0000002348c00000] [id=7568]
  0x00000140ba4e3000 ConcurrentGCThread "G1 Conc#1" [stack: 0x000000234ad00000,0x000000234ae00000] [id=8180]
  0x00000140b794d800 ConcurrentGCThread "G1 Refine#0" [stack: 0x0000002348c00000,0x0000002348d00000] [id=7584]
  0x00000140b7950800 ConcurrentGCThread "G1 Young RemSet Sampling" [stack: 0x0000002348d00000,0x0000002348e00000] [id=7228]

Threads with active compile tasks:
C2 CompilerThread1  16645 5808       4       org.objectweb.asm.Frame::execute (2318 bytes)
C2 CompilerThread2  16645 5802       4       org.objectweb.asm.SymbolTable::addConstantMemberReference (147 bytes)

VM state:not at safepoint (normal execution)

VM Mutex/Monitor currently owned by a thread: None

Heap address: 0x0000000080000000, size: 2048 MB, Compressed Oops mode: 32-bit
Narrow klass base: 0x0000000000000000, Narrow klass shift: 3
Compressed class space size: 1073741824 Address: 0x0000000100000000

Heap:
 garbage-first heap   total 260096K, used 52575K [0x0000000080000000, 0x0000000100000000)
  region size 1024K, 9 young (9216K), 3 survivors (3072K)
 Metaspace       used 59316K, capacity 60910K, committed 61100K, reserved 1101824K
  class space    used 7600K, capacity 8132K, committed 8192K, reserved 1048576K
Heap Regions: E=young(eden), S=young(survivor), O=old, HS=humongous(starts), HC=humongous(continues), CS=collection set, F=free, A=archive, TAMS=top-at-mark-start (previous, next)
|   0|0x0000000080000000, 0x0000000080100000, 0x0000000080100000|100%| O|  |TAMS 0x0000000080100000, 0x0000000080000000| Untracked 
|   1|0x0000000080100000, 0x0000000080200000, 0x0000000080200000|100%| O|  |TAMS 0x0000000080200000, 0x0000000080100000| Untracked 
|   2|0x0000000080200000, 0x0000000080300000, 0x0000000080300000|100%| O|  |TAMS 0x0000000080300000, 0x0000000080200000| Untracked 
|   3|0x0000000080300000, 0x0000000080400000, 0x0000000080400000|100%|HS|  |TAMS 0x0000000080400000, 0x0000000080300000| Complete 
|   4|0x0000000080400000, 0x0000000080500000, 0x0000000080500000|100%|HC|  |TAMS 0x0000000080500000, 0x0000000080400000| Complete 
|   5|0x0000000080500000, 0x0000000080600000, 0x0000000080600000|100%|HC|  |TAMS 0x0000000080600000, 0x0000000080500000| Complete 
|   6|0x0000000080600000, 0x0000000080700000, 0x0000000080700000|100%| O|  |TAMS 0x0000000080700000, 0x0000000080600000| Untracked 
|   7|0x0000000080700000, 0x0000000080800000, 0x0000000080800000|100%| O|  |TAMS 0x0000000080800000, 0x0000000080700000| Untracked 
|   8|0x0000000080800000, 0x0000000080900000, 0x0000000080900000|100%| O|  |TAMS 0x0000000080900000, 0x0000000080800000| Untracked 
|   9|0x0000000080900000, 0x0000000080a00000, 0x0000000080a00000|100%| O|  |TAMS 0x0000000080a00000, 0x0000000080900000| Untracked 
|  10|0x0000000080a00000, 0x0000000080b00000, 0x0000000080b00000|100%| O|  |TAMS 0x0000000080b00000, 0x0000000080a00000| Untracked 
|  11|0x0000000080b00000, 0x0000000080c00000, 0x0000000080c00000|100%| O|  |TAMS 0x0000000080c00000, 0x0000000080b00000| Untracked 
|  12|0x0000000080c00000, 0x0000000080d00000, 0x0000000080d00000|100%| O|  |TAMS 0x0000000080d00000, 0x0000000080c00000| Untracked 
|  13|0x0000000080d00000, 0x0000000080e00000, 0x0000000080e00000|100%| O|  |TAMS 0x0000000080e00000, 0x0000000080d00000| Untracked 
|  14|0x0000000080e00000, 0x0000000080f00000, 0x0000000080f00000|100%| O|  |TAMS 0x0000000080f00000, 0x0000000080e00000| Untracked 
|  15|0x0000000080f00000, 0x0000000081000000, 0x0000000081000000|100%| O|  |TAMS 0x0000000081000000, 0x0000000080f00000| Untracked 
|  16|0x0000000081000000, 0x0000000081100000, 0x0000000081100000|100%| O|  |TAMS 0x0000000081100000, 0x0000000081000000| Untracked 
|  17|0x0000000081100000, 0x0000000081200000, 0x0000000081200000|100%|HS|  |TAMS 0x0000000081200000, 0x0000000081100000| Complete 
|  18|0x0000000081200000, 0x0000000081300000, 0x0000000081300000|100%|HS|  |TAMS 0x0000000081300000, 0x0000000081200000| Complete 
|  19|0x0000000081300000, 0x0000000081400000, 0x0000000081400000|100%|HS|  |TAMS 0x0000000081400000, 0x0000000081300000| Complete 
|  20|0x0000000081400000, 0x0000000081500000, 0x0000000081500000|100%|HC|  |TAMS 0x0000000081500000, 0x0000000081400000| Complete 
|  21|0x0000000081500000, 0x0000000081600000, 0x0000000081600000|100%| O|  |TAMS 0x0000000081600000, 0x0000000081500000| Untracked 
|  22|0x0000000081600000, 0x0000000081700000, 0x0000000081700000|100%| O|  |TAMS 0x0000000081700000, 0x0000000081600000| Untracked 
|  23|0x0000000081700000, 0x0000000081800000, 0x0000000081800000|100%| O|  |TAMS 0x0000000081800000, 0x0000000081700000| Untracked 
|  24|0x0000000081800000, 0x0000000081900000, 0x0000000081900000|100%| O|  |TAMS 0x0000000081900000, 0x0000000081800000| Untracked 
|  25|0x0000000081900000, 0x0000000081a00000, 0x0000000081a00000|100%| O|  |TAMS 0x0000000081a00000, 0x0000000081900000| Untracked 
|  26|0x0000000081a00000, 0x0000000081b00000, 0x0000000081b00000|100%| O|  |TAMS 0x0000000081b00000, 0x0000000081a00000| Untracked 
|  27|0x0000000081b00000, 0x0000000081c00000, 0x0000000081c00000|100%| O|  |TAMS 0x0000000081c00000, 0x0000000081b00000| Untracked 
|  28|0x0000000081c00000, 0x0000000081d00000, 0x0000000081d00000|100%| O|  |TAMS 0x0000000081d00000, 0x0000000081c00000| Untracked 
|  29|0x0000000081d00000, 0x0000000081e00000, 0x0000000081e00000|100%| O|  |TAMS 0x0000000081e00000, 0x0000000081d00000| Untracked 
|  30|0x0000000081e00000, 0x0000000081f00000, 0x0000000081f00000|100%| O|  |TAMS 0x0000000081f00000, 0x0000000081e00000| Untracked 
|  31|0x0000000081f00000, 0x0000000082000000, 0x0000000082000000|100%| O|  |TAMS 0x0000000082000000, 0x0000000081f00000| Untracked 
|  32|0x0000000082000000, 0x0000000082100000, 0x0000000082100000|100%| O|  |TAMS 0x0000000082100000, 0x0000000082000000| Untracked 
|  33|0x0000000082100000, 0x0000000082200000, 0x0000000082200000|100%| O|  |TAMS 0x0000000082200000, 0x0000000082100000| Untracked 
|  34|0x0000000082200000, 0x0000000082300000, 0x0000000082300000|100%| O|  |TAMS 0x0000000082300000, 0x0000000082200000| Untracked 
|  35|0x0000000082300000, 0x0000000082400000, 0x0000000082400000|100%| O|  |TAMS 0x0000000082400000, 0x0000000082300000| Untracked 
|  36|0x0000000082400000, 0x0000000082500000, 0x0000000082500000|100%| O|  |TAMS 0x0000000082500000, 0x0000000082400000| Untracked 
|  37|0x0000000082500000, 0x0000000082600000, 0x0000000082600000|100%| O|  |TAMS 0x0000000082600000, 0x0000000082500000| Untracked 
|  38|0x0000000082600000, 0x0000000082700000, 0x0000000082700000|100%| O|  |TAMS 0x0000000082700000, 0x0000000082600000| Untracked 
|  39|0x0000000082700000, 0x0000000082800000, 0x0000000082800000|100%| O|  |TAMS 0x0000000082800000, 0x0000000082700000| Untracked 
|  40|0x0000000082800000, 0x0000000082900000, 0x0000000082900000|100%| O|  |TAMS 0x0000000082900000, 0x0000000082800000| Untracked 
|  41|0x0000000082900000, 0x0000000082a00000, 0x0000000082a00000|100%| O|  |TAMS 0x0000000082a00000, 0x0000000082900000| Untracked 
|  42|0x0000000082a00000, 0x0000000082b00000, 0x0000000082b00000|100%| O|  |TAMS 0x0000000082b00000, 0x0000000082a00000| Untracked 
|  43|0x0000000082b00000, 0x0000000082ba0800, 0x0000000082c00000| 62%| O|  |TAMS 0x0000000082ba0800, 0x0000000082b00000| Untracked 
|  44|0x0000000082c00000, 0x0000000082c00000, 0x0000000082d00000|  0%| F|  |TAMS 0x0000000082c00000, 0x0000000082c00000| Untracked 
|  45|0x0000000082d00000, 0x0000000082d00000, 0x0000000082e00000|  0%| F|  |TAMS 0x0000000082d00000, 0x0000000082d00000| Untracked 
|  46|0x0000000082e00000, 0x0000000082e00000, 0x0000000082f00000|  0%| F|  |TAMS 0x0000000082e00000, 0x0000000082e00000| Untracked 
|  47|0x0000000082f00000, 0x0000000082f00000, 0x0000000083000000|  0%| F|  |TAMS 0x0000000082f00000, 0x0000000082f00000| Untracked 
|  48|0x0000000083000000, 0x0000000083000000, 0x0000000083100000|  0%| F|  |TAMS 0x0000000083000000, 0x0000000083000000| Untracked 
|  49|0x0000000083100000, 0x0000000083100000, 0x0000000083200000|  0%| F|  |TAMS 0x0000000083100000, 0x0000000083100000| Untracked 
|  50|0x0000000083200000, 0x0000000083200000, 0x0000000083300000|  0%| F|  |TAMS 0x0000000083200000, 0x0000000083200000| Untracked 
|  51|0x0000000083300000, 0x0000000083300000, 0x0000000083400000|  0%| F|  |TAMS 0x0000000083300000, 0x0000000083300000| Untracked 
|  52|0x0000000083400000, 0x0000000083400000, 0x0000000083500000|  0%| F|  |TAMS 0x0000000083400000, 0x0000000083400000| Untracked 
|  53|0x0000000083500000, 0x0000000083500000, 0x0000000083600000|  0%| F|  |TAMS 0x0000000083500000, 0x0000000083500000| Untracked 
|  54|0x0000000083600000, 0x0000000083600000, 0x0000000083700000|  0%| F|  |TAMS 0x0000000083600000, 0x0000000083600000| Untracked 
|  55|0x0000000083700000, 0x0000000083700000, 0x0000000083800000|  0%| F|  |TAMS 0x0000000083700000, 0x0000000083700000| Untracked 
|  56|0x0000000083800000, 0x0000000083800000, 0x0000000083900000|  0%| F|  |TAMS 0x0000000083800000, 0x0000000083800000| Untracked 
|  57|0x0000000083900000, 0x0000000083900000, 0x0000000083a00000|  0%| F|  |TAMS 0x0000000083900000, 0x0000000083900000| Untracked 
|  58|0x0000000083a00000, 0x0000000083a00000, 0x0000000083b00000|  0%| F|  |TAMS 0x0000000083a00000, 0x0000000083a00000| Untracked 
|  59|0x0000000083b00000, 0x0000000083b00000, 0x0000000083c00000|  0%| F|  |TAMS 0x0000000083b00000, 0x0000000083b00000| Untracked 
|  60|0x0000000083c00000, 0x0000000083c00000, 0x0000000083d00000|  0%| F|  |TAMS 0x0000000083c00000, 0x0000000083c00000| Untracked 
|  61|0x0000000083d00000, 0x0000000083d00000, 0x0000000083e00000|  0%| F|  |TAMS 0x0000000083d00000, 0x0000000083d00000| Untracked 
|  62|0x0000000083e00000, 0x0000000083e00000, 0x0000000083f00000|  0%| F|  |TAMS 0x0000000083e00000, 0x0000000083e00000| Untracked 
|  63|0x0000000083f00000, 0x0000000083f00000, 0x0000000084000000|  0%| F|  |TAMS 0x0000000083f00000, 0x0000000083f00000| Untracked 
|  64|0x0000000084000000, 0x0000000084000000, 0x0000000084100000|  0%| F|  |TAMS 0x0000000084000000, 0x0000000084000000| Untracked 
|  65|0x0000000084100000, 0x0000000084100000, 0x0000000084200000|  0%| F|  |TAMS 0x0000000084100000, 0x0000000084100000| Untracked 
|  66|0x0000000084200000, 0x0000000084200000, 0x0000000084300000|  0%| F|  |TAMS 0x0000000084200000, 0x0000000084200000| Untracked 
|  67|0x0000000084300000, 0x0000000084300000, 0x0000000084400000|  0%| F|  |TAMS 0x0000000084300000, 0x0000000084300000| Untracked 
|  68|0x0000000084400000, 0x0000000084400000, 0x0000000084500000|  0%| F|  |TAMS 0x0000000084400000, 0x0000000084400000| Untracked 
|  69|0x0000000084500000, 0x0000000084500000, 0x0000000084600000|  0%| F|  |TAMS 0x0000000084500000, 0x0000000084500000| Untracked 
|  70|0x0000000084600000, 0x0000000084600000, 0x0000000084700000|  0%| F|  |TAMS 0x0000000084600000, 0x0000000084600000| Untracked 
|  71|0x0000000084700000, 0x0000000084700000, 0x0000000084800000|  0%| F|  |TAMS 0x0000000084700000, 0x0000000084700000| Untracked 
|  72|0x0000000084800000, 0x0000000084800000, 0x0000000084900000|  0%| F|  |TAMS 0x0000000084800000, 0x0000000084800000| Untracked 
|  73|0x0000000084900000, 0x0000000084900000, 0x0000000084a00000|  0%| F|  |TAMS 0x0000000084900000, 0x0000000084900000| Untracked 
|  74|0x0000000084a00000, 0x0000000084a00000, 0x0000000084b00000|  0%| F|  |TAMS 0x0000000084a00000, 0x0000000084a00000| Untracked 
|  75|0x0000000084b00000, 0x0000000084b00000, 0x0000000084c00000|  0%| F|  |TAMS 0x0000000084b00000, 0x0000000084b00000| Untracked 
|  76|0x0000000084c00000, 0x0000000084c00000, 0x0000000084d00000|  0%| F|  |TAMS 0x0000000084c00000, 0x0000000084c00000| Untracked 
|  77|0x0000000084d00000, 0x0000000084d00000, 0x0000000084e00000|  0%| F|  |TAMS 0x0000000084d00000, 0x0000000084d00000| Untracked 
|  78|0x0000000084e00000, 0x0000000084e00000, 0x0000000084f00000|  0%| F|  |TAMS 0x0000000084e00000, 0x0000000084e00000| Untracked 
|  79|0x0000000084f00000, 0x0000000084f00000, 0x0000000085000000|  0%| F|  |TAMS 0x0000000084f00000, 0x0000000084f00000| Untracked 
|  80|0x0000000085000000, 0x0000000085000000, 0x0000000085100000|  0%| F|  |TAMS 0x0000000085000000, 0x0000000085000000| Untracked 
|  81|0x0000000085100000, 0x0000000085100000, 0x0000000085200000|  0%| F|  |TAMS 0x0000000085100000, 0x0000000085100000| Untracked 
|  82|0x0000000085200000, 0x0000000085200000, 0x0000000085300000|  0%| F|  |TAMS 0x0000000085200000, 0x0000000085200000| Untracked 
|  83|0x0000000085300000, 0x0000000085300000, 0x0000000085400000|  0%| F|  |TAMS 0x0000000085300000, 0x0000000085300000| Untracked 
|  84|0x0000000085400000, 0x0000000085400000, 0x0000000085500000|  0%| F|  |TAMS 0x0000000085400000, 0x0000000085400000| Untracked 
|  85|0x0000000085500000, 0x0000000085500000, 0x0000000085600000|  0%| F|  |TAMS 0x0000000085500000, 0x0000000085500000| Untracked 
|  86|0x0000000085600000, 0x0000000085600000, 0x0000000085700000|  0%| F|  |TAMS 0x0000000085600000, 0x0000000085600000| Untracked 
|  87|0x0000000085700000, 0x0000000085700000, 0x0000000085800000|  0%| F|  |TAMS 0x0000000085700000, 0x0000000085700000| Untracked 
|  88|0x0000000085800000, 0x0000000085800000, 0x0000000085900000|  0%| F|  |TAMS 0x0000000085800000, 0x0000000085800000| Untracked 
|  89|0x0000000085900000, 0x0000000085900000, 0x0000000085a00000|  0%| F|  |TAMS 0x0000000085900000, 0x0000000085900000| Untracked 
|  90|0x0000000085a00000, 0x0000000085a00000, 0x0000000085b00000|  0%| F|  |TAMS 0x0000000085a00000, 0x0000000085a00000| Untracked 
|  91|0x0000000085b00000, 0x0000000085b00000, 0x0000000085c00000|  0%| F|  |TAMS 0x0000000085b00000, 0x0000000085b00000| Untracked 
|  92|0x0000000085c00000, 0x0000000085c00000, 0x0000000085d00000|  0%| F|  |TAMS 0x0000000085c00000, 0x0000000085c00000| Untracked 
|  93|0x0000000085d00000, 0x0000000085d00000, 0x0000000085e00000|  0%| F|  |TAMS 0x0000000085d00000, 0x0000000085d00000| Untracked 
|  94|0x0000000085e00000, 0x0000000085e00000, 0x0000000085f00000|  0%| F|  |TAMS 0x0000000085e00000, 0x0000000085e00000| Untracked 
|  95|0x0000000085f00000, 0x0000000085f00000, 0x0000000086000000|  0%| F|  |TAMS 0x0000000085f00000, 0x0000000085f00000| Untracked 
|  96|0x0000000086000000, 0x0000000086000000, 0x0000000086100000|  0%| F|  |TAMS 0x0000000086000000, 0x0000000086000000| Untracked 
|  97|0x0000000086100000, 0x0000000086100000, 0x0000000086200000|  0%| F|  |TAMS 0x0000000086100000, 0x0000000086100000| Untracked 
|  98|0x0000000086200000, 0x0000000086200000, 0x0000000086300000|  0%| F|  |TAMS 0x0000000086200000, 0x0000000086200000| Untracked 
|  99|0x0000000086300000, 0x0000000086300000, 0x0000000086400000|  0%| F|  |TAMS 0x0000000086300000, 0x0000000086300000| Untracked 
| 100|0x0000000086400000, 0x0000000086400000, 0x0000000086500000|  0%| F|  |TAMS 0x0000000086400000, 0x0000000086400000| Untracked 
| 101|0x0000000086500000, 0x0000000086500000, 0x0000000086600000|  0%| F|  |TAMS 0x0000000086500000, 0x0000000086500000| Untracked 
| 102|0x0000000086600000, 0x0000000086600000, 0x0000000086700000|  0%| F|  |TAMS 0x0000000086600000, 0x0000000086600000| Untracked 
| 103|0x0000000086700000, 0x0000000086700000, 0x0000000086800000|  0%| F|  |TAMS 0x0000000086700000, 0x0000000086700000| Untracked 
| 104|0x0000000086800000, 0x0000000086800000, 0x0000000086900000|  0%| F|  |TAMS 0x0000000086800000, 0x0000000086800000| Untracked 
| 105|0x0000000086900000, 0x0000000086900000, 0x0000000086a00000|  0%| F|  |TAMS 0x0000000086900000, 0x0000000086900000| Untracked 
| 106|0x0000000086a00000, 0x0000000086a00000, 0x0000000086b00000|  0%| F|  |TAMS 0x0000000086a00000, 0x0000000086a00000| Untracked 
| 107|0x0000000086b00000, 0x0000000086b00000, 0x0000000086c00000|  0%| F|  |TAMS 0x0000000086b00000, 0x0000000086b00000| Untracked 
| 108|0x0000000086c00000, 0x0000000086c00000, 0x0000000086d00000|  0%| F|  |TAMS 0x0000000086c00000, 0x0000000086c00000| Untracked 
| 109|0x0000000086d00000, 0x0000000086d00000, 0x0000000086e00000|  0%| F|  |TAMS 0x0000000086d00000, 0x0000000086d00000| Untracked 
| 110|0x0000000086e00000, 0x0000000086e00000, 0x0000000086f00000|  0%| F|  |TAMS 0x0000000086e00000, 0x0000000086e00000| Untracked 
| 111|0x0000000086f00000, 0x0000000086f00000, 0x0000000087000000|  0%| F|  |TAMS 0x0000000086f00000, 0x0000000086f00000| Untracked 
| 112|0x0000000087000000, 0x0000000087000000, 0x0000000087100000|  0%| F|  |TAMS 0x0000000087000000, 0x0000000087000000| Untracked 
| 113|0x0000000087100000, 0x0000000087100000, 0x0000000087200000|  0%| F|  |TAMS 0x0000000087100000, 0x0000000087100000| Untracked 
| 114|0x0000000087200000, 0x0000000087200000, 0x0000000087300000|  0%| F|  |TAMS 0x0000000087200000, 0x0000000087200000| Untracked 
| 115|0x0000000087300000, 0x0000000087300000, 0x0000000087400000|  0%| F|  |TAMS 0x0000000087300000, 0x0000000087300000| Untracked 
| 116|0x0000000087400000, 0x0000000087400000, 0x0000000087500000|  0%| F|  |TAMS 0x0000000087400000, 0x0000000087400000| Untracked 
| 117|0x0000000087500000, 0x0000000087500000, 0x0000000087600000|  0%| F|  |TAMS 0x0000000087500000, 0x0000000087500000| Untracked 
| 118|0x0000000087600000, 0x0000000087600000, 0x0000000087700000|  0%| F|  |TAMS 0x0000000087600000, 0x0000000087600000| Untracked 
| 119|0x0000000087700000, 0x0000000087700000, 0x0000000087800000|  0%| F|  |TAMS 0x0000000087700000, 0x0000000087700000| Untracked 
| 120|0x0000000087800000, 0x0000000087800000, 0x0000000087900000|  0%| F|  |TAMS 0x0000000087800000, 0x0000000087800000| Untracked 
| 121|0x0000000087900000, 0x0000000087900000, 0x0000000087a00000|  0%| F|  |TAMS 0x0000000087900000, 0x0000000087900000| Untracked 
| 122|0x0000000087a00000, 0x0000000087a00000, 0x0000000087b00000|  0%| F|  |TAMS 0x0000000087a00000, 0x0000000087a00000| Untracked 
| 123|0x0000000087b00000, 0x0000000087b00000, 0x0000000087c00000|  0%| F|  |TAMS 0x0000000087b00000, 0x0000000087b00000| Untracked 
| 124|0x0000000087c00000, 0x0000000087c00000, 0x0000000087d00000|  0%| F|  |TAMS 0x0000000087c00000, 0x0000000087c00000| Untracked 
| 125|0x0000000087d00000, 0x0000000087d00000, 0x0000000087e00000|  0%| F|  |TAMS 0x0000000087d00000, 0x0000000087d00000| Untracked 
| 126|0x0000000087e00000, 0x0000000087e00000, 0x0000000087f00000|  0%| F|  |TAMS 0x0000000087e00000, 0x0000000087e00000| Untracked 
| 127|0x0000000087f00000, 0x0000000087f00000, 0x0000000088000000|  0%| F|  |TAMS 0x0000000087f00000, 0x0000000087f00000| Untracked 
| 128|0x0000000088000000, 0x0000000088000000, 0x0000000088100000|  0%| F|  |TAMS 0x0000000088000000, 0x0000000088000000| Untracked 
| 129|0x0000000088100000, 0x0000000088100000, 0x0000000088200000|  0%| F|  |TAMS 0x0000000088100000, 0x0000000088100000| Untracked 
| 130|0x0000000088200000, 0x0000000088200000, 0x0000000088300000|  0%| F|  |TAMS 0x0000000088200000, 0x0000000088200000| Untracked 
| 131|0x0000000088300000, 0x0000000088300000, 0x0000000088400000|  0%| F|  |TAMS 0x0000000088300000, 0x0000000088300000| Untracked 
| 132|0x0000000088400000, 0x0000000088400000, 0x0000000088500000|  0%| F|  |TAMS 0x0000000088400000, 0x0000000088400000| Untracked 
| 133|0x0000000088500000, 0x0000000088500000, 0x0000000088600000|  0%| F|  |TAMS 0x0000000088500000, 0x0000000088500000| Untracked 
| 134|0x0000000088600000, 0x0000000088600000, 0x0000000088700000|  0%| F|  |TAMS 0x0000000088600000, 0x0000000088600000| Untracked 
| 135|0x0000000088700000, 0x0000000088700000, 0x0000000088800000|  0%| F|  |TAMS 0x0000000088700000, 0x0000000088700000| Untracked 
| 136|0x0000000088800000, 0x0000000088800000, 0x0000000088900000|  0%| F|  |TAMS 0x0000000088800000, 0x0000000088800000| Untracked 
| 137|0x0000000088900000, 0x0000000088900000, 0x0000000088a00000|  0%| F|  |TAMS 0x0000000088900000, 0x0000000088900000| Untracked 
| 138|0x0000000088a00000, 0x0000000088a00000, 0x0000000088b00000|  0%| F|  |TAMS 0x0000000088a00000, 0x0000000088a00000| Untracked 
| 139|0x0000000088b00000, 0x0000000088b00000, 0x0000000088c00000|  0%| F|  |TAMS 0x0000000088b00000, 0x0000000088b00000| Untracked 
| 140|0x0000000088c00000, 0x0000000088c00000, 0x0000000088d00000|  0%| F|  |TAMS 0x0000000088c00000, 0x0000000088c00000| Untracked 
| 141|0x0000000088d00000, 0x0000000088d00000, 0x0000000088e00000|  0%| F|  |TAMS 0x0000000088d00000, 0x0000000088d00000| Untracked 
| 142|0x0000000088e00000, 0x0000000088e00000, 0x0000000088f00000|  0%| F|  |TAMS 0x0000000088e00000, 0x0000000088e00000| Untracked 
| 143|0x0000000088f00000, 0x0000000088f00000, 0x0000000089000000|  0%| F|  |TAMS 0x0000000088f00000, 0x0000000088f00000| Untracked 
| 144|0x0000000089000000, 0x0000000089000000, 0x0000000089100000|  0%| F|  |TAMS 0x0000000089000000, 0x0000000089000000| Untracked 
| 145|0x0000000089100000, 0x0000000089100000, 0x0000000089200000|  0%| F|  |TAMS 0x0000000089100000, 0x0000000089100000| Untracked 
| 146|0x0000000089200000, 0x0000000089200000, 0x0000000089300000|  0%| F|  |TAMS 0x0000000089200000, 0x0000000089200000| Untracked 
| 147|0x0000000089300000, 0x0000000089300000, 0x0000000089400000|  0%| F|  |TAMS 0x0000000089300000, 0x0000000089300000| Untracked 
| 148|0x0000000089400000, 0x0000000089400000, 0x0000000089500000|  0%| F|  |TAMS 0x0000000089400000, 0x0000000089400000| Untracked 
| 149|0x0000000089500000, 0x0000000089500000, 0x0000000089600000|  0%| F|  |TAMS 0x0000000089500000, 0x0000000089500000| Untracked 
| 150|0x0000000089600000, 0x0000000089600000, 0x0000000089700000|  0%| F|  |TAMS 0x0000000089600000, 0x0000000089600000| Untracked 
| 151|0x0000000089700000, 0x0000000089700000, 0x0000000089800000|  0%| F|  |TAMS 0x0000000089700000, 0x0000000089700000| Untracked 
| 152|0x0000000089800000, 0x0000000089800000, 0x0000000089900000|  0%| F|  |TAMS 0x0000000089800000, 0x0000000089800000| Untracked 
| 153|0x0000000089900000, 0x0000000089900000, 0x0000000089a00000|  0%| F|  |TAMS 0x0000000089900000, 0x0000000089900000| Untracked 
| 154|0x0000000089a00000, 0x0000000089a00000, 0x0000000089b00000|  0%| F|  |TAMS 0x0000000089a00000, 0x0000000089a00000| Untracked 
| 155|0x0000000089b00000, 0x0000000089b00000, 0x0000000089c00000|  0%| F|  |TAMS 0x0000000089b00000, 0x0000000089b00000| Untracked 
| 156|0x0000000089c00000, 0x0000000089c00000, 0x0000000089d00000|  0%| F|  |TAMS 0x0000000089c00000, 0x0000000089c00000| Untracked 
| 157|0x0000000089d00000, 0x0000000089d00000, 0x0000000089e00000|  0%| F|  |TAMS 0x0000000089d00000, 0x0000000089d00000| Untracked 
| 158|0x0000000089e00000, 0x0000000089e00000, 0x0000000089f00000|  0%| F|  |TAMS 0x0000000089e00000, 0x0000000089e00000| Untracked 
| 159|0x0000000089f00000, 0x0000000089f00000, 0x000000008a000000|  0%| F|  |TAMS 0x0000000089f00000, 0x0000000089f00000| Untracked 
| 160|0x000000008a000000, 0x000000008a000000, 0x000000008a100000|  0%| F|  |TAMS 0x000000008a000000, 0x000000008a000000| Untracked 
| 161|0x000000008a100000, 0x000000008a100000, 0x000000008a200000|  0%| F|  |TAMS 0x000000008a100000, 0x000000008a100000| Untracked 
| 162|0x000000008a200000, 0x000000008a200000, 0x000000008a300000|  0%| F|  |TAMS 0x000000008a200000, 0x000000008a200000| Untracked 
| 163|0x000000008a300000, 0x000000008a300000, 0x000000008a400000|  0%| F|  |TAMS 0x000000008a300000, 0x000000008a300000| Untracked 
| 164|0x000000008a400000, 0x000000008a400000, 0x000000008a500000|  0%| F|  |TAMS 0x000000008a400000, 0x000000008a400000| Untracked 
| 165|0x000000008a500000, 0x000000008a500000, 0x000000008a600000|  0%| F|  |TAMS 0x000000008a500000, 0x000000008a500000| Untracked 
| 166|0x000000008a600000, 0x000000008a600000, 0x000000008a700000|  0%| F|  |TAMS 0x000000008a600000, 0x000000008a600000| Untracked 
| 167|0x000000008a700000, 0x000000008a700000, 0x000000008a800000|  0%| F|  |TAMS 0x000000008a700000, 0x000000008a700000| Untracked 
| 168|0x000000008a800000, 0x000000008a800000, 0x000000008a900000|  0%| F|  |TAMS 0x000000008a800000, 0x000000008a800000| Untracked 
| 169|0x000000008a900000, 0x000000008a900000, 0x000000008aa00000|  0%| F|  |TAMS 0x000000008a900000, 0x000000008a900000| Untracked 
| 170|0x000000008aa00000, 0x000000008aa00000, 0x000000008ab00000|  0%| F|  |TAMS 0x000000008aa00000, 0x000000008aa00000| Untracked 
| 171|0x000000008ab00000, 0x000000008ab00000, 0x000000008ac00000|  0%| F|  |TAMS 0x000000008ab00000, 0x000000008ab00000| Untracked 
| 172|0x000000008ac00000, 0x000000008ac00000, 0x000000008ad00000|  0%| F|  |TAMS 0x000000008ac00000, 0x000000008ac00000| Untracked 
| 173|0x000000008ad00000, 0x000000008ad00000, 0x000000008ae00000|  0%| F|  |TAMS 0x000000008ad00000, 0x000000008ad00000| Untracked 
| 174|0x000000008ae00000, 0x000000008ae00000, 0x000000008af00000|  0%| F|  |TAMS 0x000000008ae00000, 0x000000008ae00000| Untracked 
| 175|0x000000008af00000, 0x000000008af00000, 0x000000008b000000|  0%| F|  |TAMS 0x000000008af00000, 0x000000008af00000| Untracked 
| 176|0x000000008b000000, 0x000000008b000000, 0x000000008b100000|  0%| F|  |TAMS 0x000000008b000000, 0x000000008b000000| Untracked 
| 177|0x000000008b100000, 0x000000008b100000, 0x000000008b200000|  0%| F|  |TAMS 0x000000008b100000, 0x000000008b100000| Untracked 
| 178|0x000000008b200000, 0x000000008b200000, 0x000000008b300000|  0%| F|  |TAMS 0x000000008b200000, 0x000000008b200000| Untracked 
| 179|0x000000008b300000, 0x000000008b300000, 0x000000008b400000|  0%| F|  |TAMS 0x000000008b300000, 0x000000008b300000| Untracked 
| 180|0x000000008b400000, 0x000000008b400000, 0x000000008b500000|  0%| F|  |TAMS 0x000000008b400000, 0x000000008b400000| Untracked 
| 181|0x000000008b500000, 0x000000008b500000, 0x000000008b600000|  0%| F|  |TAMS 0x000000008b500000, 0x000000008b500000| Untracked 
| 182|0x000000008b600000, 0x000000008b600000, 0x000000008b700000|  0%| F|  |TAMS 0x000000008b600000, 0x000000008b600000| Untracked 
| 183|0x000000008b700000, 0x000000008b700000, 0x000000008b800000|  0%| F|  |TAMS 0x000000008b700000, 0x000000008b700000| Untracked 
| 184|0x000000008b800000, 0x000000008b800000, 0x000000008b900000|  0%| F|  |TAMS 0x000000008b800000, 0x000000008b800000| Untracked 
| 185|0x000000008b900000, 0x000000008b900000, 0x000000008ba00000|  0%| F|  |TAMS 0x000000008b900000, 0x000000008b900000| Untracked 
| 186|0x000000008ba00000, 0x000000008ba00000, 0x000000008bb00000|  0%| F|  |TAMS 0x000000008ba00000, 0x000000008ba00000| Untracked 
| 187|0x000000008bb00000, 0x000000008bb00000, 0x000000008bc00000|  0%| F|  |TAMS 0x000000008bb00000, 0x000000008bb00000| Untracked 
| 188|0x000000008bc00000, 0x000000008bc00000, 0x000000008bd00000|  0%| F|  |TAMS 0x000000008bc00000, 0x000000008bc00000| Untracked 
| 189|0x000000008bd00000, 0x000000008bd00000, 0x000000008be00000|  0%| F|  |TAMS 0x000000008bd00000, 0x000000008bd00000| Untracked 
| 190|0x000000008be00000, 0x000000008be00000, 0x000000008bf00000|  0%| F|  |TAMS 0x000000008be00000, 0x000000008be00000| Untracked 
| 191|0x000000008bf00000, 0x000000008bf00000, 0x000000008c000000|  0%| F|  |TAMS 0x000000008bf00000, 0x000000008bf00000| Untracked 
| 192|0x000000008c000000, 0x000000008c000000, 0x000000008c100000|  0%| F|  |TAMS 0x000000008c000000, 0x000000008c000000| Untracked 
| 193|0x000000008c100000, 0x000000008c100000, 0x000000008c200000|  0%| F|  |TAMS 0x000000008c100000, 0x000000008c100000| Untracked 
| 194|0x000000008c200000, 0x000000008c200000, 0x000000008c300000|  0%| F|  |TAMS 0x000000008c200000, 0x000000008c200000| Untracked 
| 195|0x000000008c300000, 0x000000008c300000, 0x000000008c400000|  0%| F|  |TAMS 0x000000008c300000, 0x000000008c300000| Untracked 
| 196|0x000000008c400000, 0x000000008c400000, 0x000000008c500000|  0%| F|  |TAMS 0x000000008c400000, 0x000000008c400000| Untracked 
| 197|0x000000008c500000, 0x000000008c500000, 0x000000008c600000|  0%| F|  |TAMS 0x000000008c500000, 0x000000008c500000| Untracked 
| 198|0x000000008c600000, 0x000000008c600000, 0x000000008c700000|  0%| F|  |TAMS 0x000000008c600000, 0x000000008c600000| Untracked 
| 199|0x000000008c700000, 0x000000008c700000, 0x000000008c800000|  0%| F|  |TAMS 0x000000008c700000, 0x000000008c700000| Untracked 
| 200|0x000000008c800000, 0x000000008c800000, 0x000000008c900000|  0%| F|  |TAMS 0x000000008c800000, 0x000000008c800000| Untracked 
| 201|0x000000008c900000, 0x000000008c900000, 0x000000008ca00000|  0%| F|  |TAMS 0x000000008c900000, 0x000000008c900000| Untracked 
| 202|0x000000008ca00000, 0x000000008ca00000, 0x000000008cb00000|  0%| F|  |TAMS 0x000000008ca00000, 0x000000008ca00000| Untracked 
| 203|0x000000008cb00000, 0x000000008cb00000, 0x000000008cc00000|  0%| F|  |TAMS 0x000000008cb00000, 0x000000008cb00000| Untracked 
| 204|0x000000008cc00000, 0x000000008cc00000, 0x000000008cd00000|  0%| F|  |TAMS 0x000000008cc00000, 0x000000008cc00000| Untracked 
| 205|0x000000008cd00000, 0x000000008cd00000, 0x000000008ce00000|  0%| F|  |TAMS 0x000000008cd00000, 0x000000008cd00000| Untracked 
| 206|0x000000008ce00000, 0x000000008ce00000, 0x000000008cf00000|  0%| F|  |TAMS 0x000000008ce00000, 0x000000008ce00000| Untracked 
| 207|0x000000008cf00000, 0x000000008cf00000, 0x000000008d000000|  0%| F|  |TAMS 0x000000008cf00000, 0x000000008cf00000| Untracked 
| 208|0x000000008d000000, 0x000000008d000000, 0x000000008d100000|  0%| F|  |TAMS 0x000000008d000000, 0x000000008d000000| Untracked 
| 209|0x000000008d100000, 0x000000008d100000, 0x000000008d200000|  0%| F|  |TAMS 0x000000008d100000, 0x000000008d100000| Untracked 
| 210|0x000000008d200000, 0x000000008d200000, 0x000000008d300000|  0%| F|  |TAMS 0x000000008d200000, 0x000000008d200000| Untracked 
| 211|0x000000008d300000, 0x000000008d300000, 0x000000008d400000|  0%| F|  |TAMS 0x000000008d300000, 0x000000008d300000| Untracked 
| 212|0x000000008d400000, 0x000000008d400000, 0x000000008d500000|  0%| F|  |TAMS 0x000000008d400000, 0x000000008d400000| Untracked 
| 213|0x000000008d500000, 0x000000008d500000, 0x000000008d600000|  0%| F|  |TAMS 0x000000008d500000, 0x000000008d500000| Untracked 
| 214|0x000000008d600000, 0x000000008d600000, 0x000000008d700000|  0%| F|  |TAMS 0x000000008d600000, 0x000000008d600000| Untracked 
| 215|0x000000008d700000, 0x000000008d700000, 0x000000008d800000|  0%| F|  |TAMS 0x000000008d700000, 0x000000008d700000| Untracked 
| 216|0x000000008d800000, 0x000000008d800000, 0x000000008d900000|  0%| F|  |TAMS 0x000000008d800000, 0x000000008d800000| Untracked 
| 217|0x000000008d900000, 0x000000008d900000, 0x000000008da00000|  0%| F|  |TAMS 0x000000008d900000, 0x000000008d900000| Untracked 
| 218|0x000000008da00000, 0x000000008da00000, 0x000000008db00000|  0%| F|  |TAMS 0x000000008da00000, 0x000000008da00000| Untracked 
| 219|0x000000008db00000, 0x000000008db00000, 0x000000008dc00000|  0%| F|  |TAMS 0x000000008db00000, 0x000000008db00000| Untracked 
| 220|0x000000008dc00000, 0x000000008dc00000, 0x000000008dd00000|  0%| F|  |TAMS 0x000000008dc00000, 0x000000008dc00000| Untracked 
| 221|0x000000008dd00000, 0x000000008dd00000, 0x000000008de00000|  0%| F|  |TAMS 0x000000008dd00000, 0x000000008dd00000| Untracked 
| 222|0x000000008de00000, 0x000000008de00000, 0x000000008df00000|  0%| F|  |TAMS 0x000000008de00000, 0x000000008de00000| Untracked 
| 223|0x000000008df00000, 0x000000008df00000, 0x000000008e000000|  0%| F|  |TAMS 0x000000008df00000, 0x000000008df00000| Untracked 
| 224|0x000000008e000000, 0x000000008e000000, 0x000000008e100000|  0%| F|  |TAMS 0x000000008e000000, 0x000000008e000000| Untracked 
| 225|0x000000008e100000, 0x000000008e100000, 0x000000008e200000|  0%| F|  |TAMS 0x000000008e100000, 0x000000008e100000| Untracked 
| 226|0x000000008e200000, 0x000000008e200000, 0x000000008e300000|  0%| F|  |TAMS 0x000000008e200000, 0x000000008e200000| Untracked 
| 227|0x000000008e300000, 0x000000008e300000, 0x000000008e400000|  0%| F|  |TAMS 0x000000008e300000, 0x000000008e300000| Untracked 
| 228|0x000000008e400000, 0x000000008e400000, 0x000000008e500000|  0%| F|  |TAMS 0x000000008e400000, 0x000000008e400000| Untracked 
| 229|0x000000008e500000, 0x000000008e500000, 0x000000008e600000|  0%| F|  |TAMS 0x000000008e500000, 0x000000008e500000| Untracked 
| 230|0x000000008e600000, 0x000000008e6b77b0, 0x000000008e700000| 71%| S|CS|TAMS 0x000000008e600000, 0x000000008e600000| Complete 
| 231|0x000000008e700000, 0x000000008e800000, 0x000000008e800000|100%| S|CS|TAMS 0x000000008e700000, 0x000000008e700000| Complete 
| 232|0x000000008e800000, 0x000000008e900000, 0x000000008e900000|100%| S|CS|TAMS 0x000000008e800000, 0x000000008e800000| Complete 
| 233|0x000000008e900000, 0x000000008e900000, 0x000000008ea00000|  0%| F|  |TAMS 0x000000008e900000, 0x000000008e900000| Untracked 
| 234|0x000000008ea00000, 0x000000008ea00000, 0x000000008eb00000|  0%| F|  |TAMS 0x000000008ea00000, 0x000000008ea00000| Untracked 
| 235|0x000000008eb00000, 0x000000008eb00000, 0x000000008ec00000|  0%| F|  |TAMS 0x000000008eb00000, 0x000000008eb00000| Untracked 
| 236|0x000000008ec00000, 0x000000008ec00000, 0x000000008ed00000|  0%| F|  |TAMS 0x000000008ec00000, 0x000000008ec00000| Untracked 
| 237|0x000000008ed00000, 0x000000008ed00000, 0x000000008ee00000|  0%| F|  |TAMS 0x000000008ed00000, 0x000000008ed00000| Untracked 
| 238|0x000000008ee00000, 0x000000008ee00000, 0x000000008ef00000|  0%| F|  |TAMS 0x000000008ee00000, 0x000000008ee00000| Untracked 
| 239|0x000000008ef00000, 0x000000008ef00000, 0x000000008f000000|  0%| F|  |TAMS 0x000000008ef00000, 0x000000008ef00000| Untracked 
| 240|0x000000008f000000, 0x000000008f000000, 0x000000008f100000|  0%| F|  |TAMS 0x000000008f000000, 0x000000008f000000| Untracked 
| 241|0x000000008f100000, 0x000000008f100000, 0x000000008f200000|  0%| F|  |TAMS 0x000000008f100000, 0x000000008f100000| Untracked 
| 242|0x000000008f200000, 0x000000008f200000, 0x000000008f300000|  0%| F|  |TAMS 0x000000008f200000, 0x000000008f200000| Untracked 
| 243|0x000000008f300000, 0x000000008f300000, 0x000000008f400000|  0%| F|  |TAMS 0x000000008f300000, 0x000000008f300000| Untracked 
| 244|0x000000008f400000, 0x000000008f400000, 0x000000008f500000|  0%| F|  |TAMS 0x000000008f400000, 0x000000008f400000| Untracked 
| 245|0x000000008f500000, 0x000000008f500000, 0x000000008f600000|  0%| F|  |TAMS 0x000000008f500000, 0x000000008f500000| Untracked 
| 246|0x000000008f600000, 0x000000008f600000, 0x000000008f700000|  0%| F|  |TAMS 0x000000008f600000, 0x000000008f600000| Untracked 
| 247|0x000000008f700000, 0x000000008f700000, 0x000000008f800000|  0%| F|  |TAMS 0x000000008f700000, 0x000000008f700000| Untracked 
| 248|0x000000008f800000, 0x000000008f900000, 0x000000008f900000|100%| E|  |TAMS 0x000000008f800000, 0x000000008f800000| Complete 
| 249|0x000000008f900000, 0x000000008fa00000, 0x000000008fa00000|100%| E|CS|TAMS 0x000000008f900000, 0x000000008f900000| Complete 
| 250|0x000000008fa00000, 0x000000008fb00000, 0x000000008fb00000|100%| E|CS|TAMS 0x000000008fa00000, 0x000000008fa00000| Complete 
| 251|0x000000008fb00000, 0x000000008fc00000, 0x000000008fc00000|100%| E|CS|TAMS 0x000000008fb00000, 0x000000008fb00000| Complete 
| 252|0x000000008fc00000, 0x000000008fd00000, 0x000000008fd00000|100%| E|CS|TAMS 0x000000008fc00000, 0x000000008fc00000| Complete 
| 253|0x000000008fd00000, 0x000000008fe00000, 0x000000008fe00000|100%| E|CS|TAMS 0x000000008fd00000, 0x000000008fd00000| Complete 

Card table byte_map: [0x00000140b0840000,0x00000140b0c40000] _byte_map_base: 0x00000140b0440000

Marking Bits (Prev, Next): (CMBitMap*) 0x000001409d640240, (CMBitMap*) 0x000001409d640208
 Prev Bits: [0x00000140b3040000, 0x00000140b5040000)
 Next Bits: [0x00000140b1040000, 0x00000140b3040000)

Polling page: 0x000001409b780000

Metaspace:

Usage:
  Non-class:     51.54 MB capacity,    50.50 MB ( 98%) used,   902.11 KB (  2%) free+waste,   160.25 KB ( <1%) overhead. 
      Class:      7.94 MB capacity,     7.42 MB ( 93%) used,   454.71 KB (  6%) free+waste,    76.31 KB ( <1%) overhead. 
       Both:     59.48 MB capacity,    57.93 MB ( 97%) used,     1.33 MB (  2%) free+waste,   236.56 KB ( <1%) overhead. 

Virtual space:
  Non-class space:       52.00 MB reserved,      51.67 MB (>99%) committed 
      Class space:        1.00 GB reserved,       8.00 MB ( <1%) committed 
             Both:        1.05 GB reserved,      59.67 MB (  6%) committed 

Chunk freelists:
   Non-Class:  22.00 KB
       Class:  0 bytes
        Both:  22.00 KB

MaxMetaspaceSize: 17179869184.00 GB
CompressedClassSpaceSize: 1.00 GB
Initial GC threshold: 20.80 MB
Current GC threshold: 99.03 MB
CDS: off

CodeHeap 'non-profiled nmethods': size=120000Kb used=3295Kb max_used=3295Kb free=116704Kb
 bounds [0x00000140a8bd0000, 0x00000140a8f10000, 0x00000140b0100000]
CodeHeap 'profiled nmethods': size=120000Kb used=12487Kb max_used=12487Kb free=107512Kb
 bounds [0x00000140a16a0000, 0x00000140a22e0000, 0x00000140a8bd0000]
CodeHeap 'non-nmethods': size=5760Kb used=2328Kb max_used=2360Kb free=3431Kb
 bounds [0x00000140a1100000, 0x00000140a1370000, 0x00000140a16a0000]
 total_blobs=6718 nmethods=5887 adapters=743
 compilation: enabled
              stopped_count=0, restarted_count=0
 full_count=0

Compilation events (20 events):
Event: 16.511 Thread 0x00000140b836c800 5894       4       java.lang.String$CaseInsensitiveComparator::compare (13 bytes)
Event: 16.527 Thread 0x00000140b8371000 5913       3       org.gradle.internal.isolated.IsolationScheme::parameterTypeFor (115 bytes)
Event: 16.528 Thread 0x00000140b8371000 nmethod 5913 0x00000140a22cc990 code [0x00000140a22ccc00, 0x00000140a22cd5c8]
Event: 16.528 Thread 0x00000140b8371000 5915       3       org.gradle.api.internal.provider.AbstractProperty::getValidationDisplayName (16 bytes)
Event: 16.528 Thread 0x00000140b8371000 nmethod 5915 0x00000140a22cd810 code [0x00000140a22cd9c0, 0x00000140a22cdb18]
Event: 16.528 Thread 0x00000140b8371000 5914       3       org.gradle.internal.isolated.IsolationScheme::inferParameterType (130 bytes)
Event: 16.531 Thread 0x00000140b8371000 nmethod 5914 0x00000140a22cdb90 code [0x00000140a22cdf60, 0x00000140a22cfcd8]
Event: 16.532 Thread 0x00000140b836c800 nmethod 5894 0x00000140a8f06610 code [0x00000140a8f067e0, 0x00000140a8f06eb8]
Event: 16.532 Thread 0x00000140b836c800 5816       4       java.lang.Class::getClassLoader (28 bytes)
Event: 16.533 Thread 0x00000140b836c800 nmethod 5816 0x00000140a8f07390 code [0x00000140a8f07520, 0x00000140a8f075b8]
Event: 16.533 Thread 0x00000140b836c800 5908       4       java.util.TreeMap$PrivateEntryIterator::hasNext (13 bytes)
Event: 16.533 Thread 0x00000140b836c800 nmethod 5908 0x00000140a8f07690 code [0x00000140a8f07820, 0x00000140a8f07898]
Event: 16.533 Thread 0x00000140b836c800 5886       4       java.util.Collections::emptySet (4 bytes)
Event: 16.534 Thread 0x00000140b836c800 nmethod 5886 0x00000140a8f07990 code [0x00000140a8f07b20, 0x00000140a8f07b78]
Event: 16.534 Thread 0x00000140b8371000 5916       3       org.gradle.api.internal.DefaultDomainObjectCollection::getMutationGuard (10 bytes)
Event: 16.534 Thread 0x00000140b8371000 nmethod 5916 0x00000140a22d0610 code [0x00000140a22d07c0, 0x00000140a22d0988]
Event: 16.545 Thread 0x00000140b8371000 5917       3       org.gradle.tooling.internal.provider.runner.ClientBuildEventGenerator::finished (128 bytes)
Event: 16.545 Thread 0x00000140b836c800 5918       4       com.google.common.collect.MapMakerInternalMap$1::clear (1 bytes)
Event: 16.546 Thread 0x00000140b836c800 nmethod 5918 0x00000140a8f07c90 code [0x00000140a8f07e20, 0x00000140a8f07e78]
Event: 16.546 Thread 0x00000140b8371000 nmethod 5917 0x00000140a22d0a90 code [0x00000140a22d0d40, 0x00000140a22d1b88]

GC Heap History (14 events):
Event: 1.499 GC heap before
{Heap before GC invocations=0 (full 0):
 garbage-first heap   total 260096K, used 30720K [0x0000000080000000, 0x0000000100000000)
  region size 1024K, 24 young (24576K), 0 survivors (0K)
 Metaspace       used 9870K, capacity 10114K, committed 10368K, reserved 1058816K
  class space    used 1027K, capacity 1102K, committed 1152K, reserved 1048576K
}
Event: 1.508 GC heap after
{Heap after GC invocations=1 (full 0):
 garbage-first heap   total 260096K, used 9184K [0x0000000080000000, 0x0000000100000000)
  region size 1024K, 3 young (3072K), 3 survivors (3072K)
 Metaspace       used 9870K, capacity 10114K, committed 10368K, reserved 1058816K
  class space    used 1027K, capacity 1102K, committed 1152K, reserved 1048576K
}
Event: 5.523 GC heap before
{Heap before GC invocations=1 (full 0):
 garbage-first heap   total 260096K, used 111584K [0x0000000080000000, 0x0000000100000000)
  region size 1024K, 104 young (106496K), 3 survivors (3072K)
 Metaspace       used 20731K, capacity 21131K, committed 21248K, reserved 1067008K
  class space    used 2548K, capacity 2710K, committed 2816K, reserved 1048576K
}
Event: 5.541 GC heap after
{Heap after GC invocations=2 (full 0):
 garbage-first heap   total 260096K, used 16718K [0x0000000080000000, 0x0000000100000000)
  region size 1024K, 11 young (11264K), 11 survivors (11264K)
 Metaspace       used 20731K, capacity 21131K, committed 21248K, reserved 1067008K
  class space    used 2548K, capacity 2710K, committed 2816K, reserved 1048576K
}
Event: 6.349 GC heap before
{Heap before GC invocations=3 (full 0):
 garbage-first heap   total 260096K, used 62798K [0x0000000080000000, 0x0000000100000000)
  region size 1024K, 57 young (58368K), 11 survivors (11264K)
 Metaspace       used 25464K, capacity 25997K, committed 26112K, reserved 1071104K
  class space    used 3279K, capacity 3486K, committed 3584K, reserved 1048576K
}
Event: 6.360 GC heap after
{Heap after GC invocations=4 (full 0):
 garbage-first heap   total 260096K, used 18685K [0x0000000080000000, 0x0000000100000000)
  region size 1024K, 3 young (3072K), 3 survivors (3072K)
 Metaspace       used 25464K, capacity 25997K, committed 26112K, reserved 1071104K
  class space    used 3279K, capacity 3486K, committed 3584K, reserved 1048576K
}
Event: 8.037 GC heap before
{Heap before GC invocations=4 (full 0):
 garbage-first heap   total 260096K, used 85245K [0x0000000080000000, 0x0000000100000000)
  region size 1024K, 69 young (70656K), 3 survivors (3072K)
 Metaspace       used 34893K, capacity 35654K, committed 35840K, reserved 1081344K
  class space    used 4532K, capacity 4839K, committed 4864K, reserved 1048576K
}
Event: 8.064 GC heap after
{Heap after GC invocations=5 (full 0):
 garbage-first heap   total 260096K, used 21848K [0x0000000080000000, 0x0000000100000000)
  region size 1024K, 6 young (6144K), 6 survivors (6144K)
 Metaspace       used 34893K, capacity 35654K, committed 35840K, reserved 1081344K
  class space    used 4532K, capacity 4839K, committed 4864K, reserved 1048576K
}
Event: 11.248 GC heap before
{Heap before GC invocations=6 (full 0):
 garbage-first heap   total 260096K, used 146776K [0x0000000080000000, 0x0000000100000000)
  region size 1024K, 125 young (128000K), 6 survivors (6144K)
 Metaspace       used 44899K, capacity 46021K, committed 46208K, reserved 1089536K
  class space    used 5762K, capacity 6171K, committed 6272K, reserved 1048576K
}
Event: 11.272 GC heap after
{Heap after GC invocations=7 (full 0):
 garbage-first heap   total 260096K, used 29591K [0x0000000080000000, 0x0000000100000000)
  region size 1024K, 13 young (13312K), 13 survivors (13312K)
 Metaspace       used 44899K, capacity 46021K, committed 46208K, reserved 1089536K
  class space    used 5762K, capacity 6171K, committed 6272K, reserved 1048576K
}
Event: 15.568 GC heap before
{Heap before GC invocations=7 (full 0):
 garbage-first heap   total 260096K, used 174999K [0x0000000080000000, 0x0000000100000000)
  region size 1024K, 152 young (155648K), 13 survivors (13312K)
 Metaspace       used 55223K, capacity 56742K, committed 56832K, reserved 1097728K
  class space    used 7074K, capacity 7598K, committed 7680K, reserved 1048576K
}
Event: 15.596 GC heap after
{Heap after GC invocations=8 (full 0):
 garbage-first heap   total 260096K, used 44978K [0x0000000080000000, 0x0000000100000000)
  region size 1024K, 19 young (19456K), 19 survivors (19456K)
 Metaspace       used 55223K, capacity 56742K, committed 56832K, reserved 1097728K
  class space    used 7074K, capacity 7598K, committed 7680K, reserved 1048576K
}
Event: 16.270 GC heap before
{Heap before GC invocations=8 (full 0):
 garbage-first heap   total 260096K, used 65458K [0x0000000080000000, 0x0000000100000000)
  region size 1024K, 40 young (40960K), 19 survivors (19456K)
 Metaspace       used 58207K, capacity 59784K, committed 59948K, reserved 1101824K
  class space    used 7439K, capacity 7990K, committed 8064K, reserved 1048576K
}
Event: 16.312 GC heap after
{Heap after GC invocations=9 (full 0):
 garbage-first heap   total 260096K, used 47455K [0x0000000080000000, 0x0000000100000000)
  region size 1024K, 3 young (3072K), 3 survivors (3072K)
 Metaspace       used 58207K, capacity 59784K, committed 59948K, reserved 1101824K
  class space    used 7439K, capacity 7990K, committed 8064K, reserved 1048576K
}

Deoptimization events (20 events):
Event: 16.348 Thread 0x00000140b9b76800 Uncommon trap: trap_request=0xffffffde fr.pc=0x00000140a8e66cac relative=0x000000000000010c
Event: 16.348 Thread 0x00000140b9b76800 Uncommon trap: reason=class_check action=maybe_recompile pc=0x00000140a8e66cac method=java.lang.reflect.Array.newInstance(Ljava/lang/Class;I)Ljava/lang/Object; @ 2 c2
Event: 16.348 Thread 0x00000140b9b76800 DEOPT PACKING pc=0x00000140a8e66cac sp=0x000000234a4f2530
Event: 16.348 Thread 0x00000140b9b76800 DEOPT UNPACKING pc=0x00000140a114a1af sp=0x000000234a4f24c8 mode 2
Event: 16.348 Thread 0x00000140b9b76800 Uncommon trap: trap_request=0xffffffde fr.pc=0x00000140a8e66cac relative=0x000000000000010c
Event: 16.348 Thread 0x00000140b9b76800 Uncommon trap: reason=class_check action=maybe_recompile pc=0x00000140a8e66cac method=java.lang.reflect.Array.newInstance(Ljava/lang/Class;I)Ljava/lang/Object; @ 2 c2
Event: 16.348 Thread 0x00000140b9b76800 DEOPT PACKING pc=0x00000140a8e66cac sp=0x000000234a4f2530
Event: 16.348 Thread 0x00000140b9b76800 DEOPT UNPACKING pc=0x00000140a114a1af sp=0x000000234a4f24c8 mode 2
Event: 16.348 Thread 0x00000140b9b76800 Uncommon trap: trap_request=0xffffffde fr.pc=0x00000140a8e66cac relative=0x000000000000010c
Event: 16.348 Thread 0x00000140b9b76800 Uncommon trap: reason=class_check action=maybe_recompile pc=0x00000140a8e66cac method=java.lang.reflect.Array.newInstance(Ljava/lang/Class;I)Ljava/lang/Object; @ 2 c2
Event: 16.348 Thread 0x00000140b9b76800 DEOPT PACKING pc=0x00000140a8e66cac sp=0x000000234a4f2530
Event: 16.348 Thread 0x00000140b9b76800 DEOPT UNPACKING pc=0x00000140a114a1af sp=0x000000234a4f24c8 mode 2
Event: 16.456 Thread 0x00000140b9b76800 Uncommon trap: trap_request=0xffffff4d fr.pc=0x00000140a8ed0048 relative=0x0000000000000228
Event: 16.456 Thread 0x00000140b9b76800 Uncommon trap: reason=unstable_if action=reinterpret pc=0x00000140a8ed0048 method=java.security.SecureClassLoader$CodeSourceKey.hashCode()I @ 9 c2
Event: 16.456 Thread 0x00000140b9b76800 DEOPT PACKING pc=0x00000140a8ed0048 sp=0x000000234a4f26d0
Event: 16.456 Thread 0x00000140b9b76800 DEOPT UNPACKING pc=0x00000140a114a1af sp=0x000000234a4f2660 mode 2
Event: 16.456 Thread 0x00000140b9b76800 Uncommon trap: trap_request=0xffffff4d fr.pc=0x00000140a8e00df8 relative=0x0000000000003958
Event: 16.456 Thread 0x00000140b9b76800 Uncommon trap: reason=unstable_if action=reinterpret pc=0x00000140a8e00df8 method=java.lang.ClassLoader.defineClassSourceLocation(Ljava/security/ProtectionDomain;)Ljava/lang/String; @ 15 c2
Event: 16.456 Thread 0x00000140b9b76800 DEOPT PACKING pc=0x00000140a8e00df8 sp=0x000000234a4f27b0
Event: 16.456 Thread 0x00000140b9b76800 DEOPT UNPACKING pc=0x00000140a114a1af sp=0x000000234a4f26e0 mode 2

Classes redefined (0 events):
No events

Internal exceptions (20 events):
Event: 14.013 Thread 0x00000140ba821800 Exception <a 'java/lang/NoSuchMethodError'{0x0000000089e97738}: <clinit>> (0x0000000089e97738) thrown at [./src/hotspot/share/prims/jni.cpp, line 1365]
Event: 14.013 Thread 0x00000140ba821800 Exception <a 'java/lang/NoSuchMethodError'{0x0000000089e98a40}: <clinit>> (0x0000000089e98a40) thrown at [./src/hotspot/share/prims/jni.cpp, line 1365]
Event: 14.013 Thread 0x00000140ba821800 Exception <a 'java/lang/NoSuchMethodError'{0x0000000089e99a60}: <clinit>> (0x0000000089e99a60) thrown at [./src/hotspot/share/prims/jni.cpp, line 1365]
Event: 14.015 Thread 0x00000140ba821800 Exception <a 'java/lang/NoSuchMethodError'{0x0000000089eabd48}: <clinit>> (0x0000000089eabd48) thrown at [./src/hotspot/share/prims/jni.cpp, line 1365]
Event: 14.017 Thread 0x00000140ba821800 Exception <a 'java/lang/NoSuchMethodError'{0x0000000089eb6280}: <clinit>> (0x0000000089eb6280) thrown at [./src/hotspot/share/prims/jni.cpp, line 1365]
Event: 14.022 Thread 0x00000140ba821800 Exception <a 'java/lang/NoSuchMethodError'{0x0000000089ec9be8}: <clinit>> (0x0000000089ec9be8) thrown at [./src/hotspot/share/prims/jni.cpp, line 1365]
Event: 14.041 Thread 0x00000140b9b76800 Exception <a 'java/lang/ClassNotFoundException'{0x0000000089d052a8}: build_ercqq9qn81oe8e7njbflc024qBeanInfo> (0x0000000089d052a8) thrown at [./src/hotspot/share/classfile/systemDictionary.cpp, line 231]
Event: 14.041 Thread 0x00000140b9b76800 Exception <a 'java/lang/ClassNotFoundException'{0x0000000089d10260}: build_ercqq9qn81oe8e7njbflc024qCustomizer> (0x0000000089d10260) thrown at [./src/hotspot/share/classfile/systemDictionary.cpp, line 231]
Event: 14.089 Thread 0x00000140b9b76800 Exception <a 'java/lang/ClassNotFoundException'{0x0000000089c9ac98}: org/gradle/api/internal/plugins/DefaultObjectConfigurationActionBeanInfo> (0x0000000089c9ac98) thrown at [./src/hotspot/share/classfile/systemDictionary.cpp, line 231]
Event: 14.091 Thread 0x00000140b9b76800 Exception <a 'java/lang/ClassNotFoundException'{0x0000000089cd0230}: org/gradle/api/internal/plugins/DefaultObjectConfigurationActionCustomizer> (0x0000000089cd0230) thrown at [./src/hotspot/share/classfile/systemDictionary.cpp, line 231]
Event: 14.387 Thread 0x00000140b9b76800 Exception <a 'java/lang/NoSuchMethodError'{0x00000000892f63f0}: 'java.lang.Object java.lang.invoke.DirectMethodHandle$Holder.invokeStatic(java.lang.Object, java.lang.Object, java.lang.Object, java.lang.Object, int)'> (0x00000000892f63f0) thrown at [./src/hotspot/share/interpreter/linkResolver.cpp, line 773]
Event: 14.388 Thread 0x00000140b9b76800 Exception <a 'java/lang/NoSuchMethodError'{0x00000000892fade8}: 'java.lang.Object java.lang.invoke.DirectMethodHandle$Holder.invokeSpecial(java.lang.Object, java.lang.Object, java.lang.Object, java.lang.Object, java.lang.Object, int)'> (0x00000000892fade8) thrown at [./src/hotspot/share/interpreter/linkResolver.cpp, line 773]
Event: 14.388 Thread 0x00000140b9b76800 Exception <a 'java/lang/NoSuchMethodError'{0x00000000892ff428}: 'java.lang.Object java.lang.invoke.Invokers$Holder.linkToTargetMethod(java.lang.Object, java.lang.Object, java.lang.Object, int, java.lang.Object)'> (0x00000000892ff428) thrown at [./src/hotspot/share/interpreter/linkResolver.cpp, line 773]
Event: 14.938 Thread 0x00000140b9b76800 Exception <a 'java/lang/NoSuchMethodError'{0x000000008836dd58}: 'java.lang.Object java.lang.invoke.DirectMethodHandle$Holder.invokeSpecial(java.lang.Object, java.lang.Object, int, int, java.lang.Object, java.lang.Object, java.lang.Object)'> (0x000000008836dd58) thrown at [./src/hotspot/share/interpreter/linkResolver.cpp, line 773]
Event: 14.938 Thread 0x00000140b9b76800 Exception <a 'java/lang/NoSuchMethodError'{0x00000000883722d8}: 'java.lang.Object java.lang.invoke.DelegatingMethodHandle$Holder.reinvoke_L(java.lang.Object, int, int, java.lang.Object, java.lang.Object, java.lang.Object)'> (0x00000000883722d8) thrown at [./src/hotspot/share/interpreter/linkResolver.cpp, line 773]
Event: 15.465 Thread 0x00000140b9b76800 Exception <a 'java/lang/NoSuchMethodError'{0x0000000086962b60}: 'int java.lang.invoke.DirectMethodHandle$Holder.invokeInterface(java.lang.Object, java.lang.Object, java.lang.Object, java.lang.Object)'> (0x0000000086962b60) thrown at [./src/hotspot/share/interpreter/linkResolver.cpp, line 773]
Event: 16.022 Thread 0x00000140b9b76800 Exception <a 'java/lang/NoSuchMethodError'{0x000000008f1106a0}: 'void java.lang.invoke.DirectMethodHandle$Holder.invokeInterface(java.lang.Object, java.lang.Object, java.lang.Object, java.lang.Object)'> (0x000000008f1106a0) thrown at [./src/hotspot/share/interpreter/linkResolver.cpp, line 773]
Event: 16.329 Thread 0x00000140b9b76800 Exception <a 'java/lang/IncompatibleClassChangeError'{0x000000008fd0bf58}: Found class java.lang.Object, but interface was expected> (0x000000008fd0bf58) thrown at [./src/hotspot/share/interpreter/linkResolver.cpp, line 839]
Event: 16.456 Thread 0x00000140b9b76800 Implicit null exception at 0x00000140a8ecfe54 to 0x00000140a8ed0038
Event: 16.560 Thread 0x00000140b9b76800 Implicit null exception at 0x00000140a1b0c8d5 to 0x0000000000000000

Events (20 events):
Event: 16.548 loading class org/gradle/api/internal/provider/FlatMapProvider
Event: 16.548 loading class org/gradle/api/internal/provider/FlatMapProvider done
Event: 16.550 loading class org/gradle/api/internal/artifacts/dependencies/DefaultSelfResolvingDependency
Event: 16.550 loading class org/gradle/api/internal/artifacts/dependencies/DefaultSelfResolvingDependency done
Event: 16.550 loading class org/gradle/api/internal/artifacts/dependencies/SelfResolvingDependencyInternal
Event: 16.550 loading class org/gradle/api/internal/artifacts/dependencies/SelfResolvingDependencyInternal done
Event: 16.550 loading class org/gradle/api/artifacts/FileCollectionDependency
Event: 16.550 loading class org/gradle/api/artifacts/FileCollectionDependency done
Event: 16.554 loading class com/android/build/gradle/internal/plugins/BasePlugin
Event: 16.554 loading class com/android/build/gradle/internal/plugins/BasePlugin done
Event: 16.554 loading class com/android/build/gradle/api/BaseVariantOutput
Event: 16.554 loading class com/android/build/gradle/api/BaseVariantOutput done
Event: 16.555 loading class com/android/build/OutputFile
Event: 16.555 loading class com/android/build/OutputFile done
Event: 16.556 loading class com/android/build/VariantOutput
Event: 16.556 loading class com/android/build/VariantOutput done
Event: 16.556 loading class org/gradle/api/internal/ReflectiveNamedDomainObjectFactory
Event: 16.556 loading class org/gradle/api/internal/ReflectiveNamedDomainObjectFactory done
Event: 16.557 loading class org/gradle/api/internal/FactoryNamedDomainObjectContainer
Event: 16.557 loading class org/gradle/api/internal/FactoryNamedDomainObjectContainer done


Dynamic libraries:
0x00007ff682f50000 - 0x00007ff682f5a000 	C:\Program Files\Android\Android Studio\jre\bin\java.exe
0x00007ffce1310000 - 0x00007ffce1524000 	C:\WINDOWS\SYSTEM32\ntdll.dll
0x00007ffce0740000 - 0x00007ffce0802000 	C:\WINDOWS\System32\KERNEL32.DLL
0x00007ffcdec10000 - 0x00007ffcdefac000 	C:\WINDOWS\System32\KERNELBASE.dll
0x00007ffcde9a0000 - 0x00007ffcdeab1000 	C:\WINDOWS\System32\ucrtbase.dll
0x00007ffcc4330000 - 0x00007ffcc4349000 	C:\Program Files\Android\Android Studio\jre\bin\jli.dll
0x00007ffce0920000 - 0x00007ffce0acb000 	C:\WINDOWS\System32\USER32.dll
0x00007ffcc4310000 - 0x00007ffcc4327000 	C:\Program Files\Android\Android Studio\jre\bin\VCRUNTIME140.dll
0x00007ffcdebe0000 - 0x00007ffcdec06000 	C:\WINDOWS\System32\win32u.dll
0x00007ffce01a0000 - 0x00007ffce01c9000 	C:\WINDOWS\System32\GDI32.dll
0x00007ffcdd940000 - 0x00007ffcddbce000 	C:\WINDOWS\WinSxS\amd64_microsoft.windows.common-controls_6595b64144ccf1df_6.0.22621.436_none_a94247dbc10d8414\COMCTL32.dll
0x00007ffce0db0000 - 0x00007ffce0e57000 	C:\WINDOWS\System32\msvcrt.dll
0x00007ffcde750000 - 0x00007ffcde862000 	C:\WINDOWS\System32\gdi32full.dll
0x00007ffcdeac0000 - 0x00007ffcdeb5a000 	C:\WINDOWS\System32\msvcp_win.dll
0x00007ffcdfff0000 - 0x00007ffce0021000 	C:\WINDOWS\System32\IMM32.DLL
0x00007ffcc4270000 - 0x00007ffcc430d000 	C:\Program Files\Android\Android Studio\jre\bin\msvcp140.dll
0x00007ffc6b2e0000 - 0x00007ffc6bdc5000 	C:\Program Files\Android\Android Studio\jre\bin\server\jvm.dll
0x00007ffcdf120000 - 0x00007ffcdf1ce000 	C:\WINDOWS\System32\ADVAPI32.dll
0x00007ffcdfe30000 - 0x00007ffcdfed4000 	C:\WINDOWS\System32\sechost.dll
0x00007ffce11b0000 - 0x00007ffce12c5000 	C:\WINDOWS\System32\RPCRT4.dll
0x00007ffcdffe0000 - 0x00007ffcdffe8000 	C:\WINDOWS\System32\PSAPI.DLL
0x00007ffca94b0000 - 0x00007ffca94b9000 	C:\WINDOWS\SYSTEM32\WSOCK32.dll
0x00007ffcc32c0000 - 0x00007ffcc32f4000 	C:\WINDOWS\SYSTEM32\WINMM.dll
0x00007ffce0810000 - 0x00007ffce0881000 	C:\WINDOWS\System32\WS2_32.dll
0x00007ffcd46f0000 - 0x00007ffcd46fa000 	C:\WINDOWS\SYSTEM32\VERSION.dll
0x00007ffcdc940000 - 0x00007ffcdc958000 	C:\WINDOWS\SYSTEM32\kernel.appcore.dll
0x00007ffc74030000 - 0x00007ffc74041000 	C:\Program Files\Android\Android Studio\jre\bin\verify.dll
0x00007ffcde0d0000 - 0x00007ffcde2fe000 	C:\WINDOWS\SYSTEM32\DBGHELP.DLL
0x00007ffce03b0000 - 0x00007ffce0739000 	C:\WINDOWS\System32\combase.dll
0x00007ffce0f60000 - 0x00007ffce1037000 	C:\WINDOWS\System32\OLEAUT32.dll
0x00007ffcddf20000 - 0x00007ffcddf52000 	C:\WINDOWS\SYSTEM32\dbgcore.DLL
0x00007ffcdeb60000 - 0x00007ffcdebdb000 	C:\WINDOWS\System32\bcryptPrimitives.dll
0x00007ffc74000000 - 0x00007ffc74029000 	C:\Program Files\Android\Android Studio\jre\bin\java.dll
0x00007ffc745e0000 - 0x00007ffc745eb000 	C:\Program Files\Android\Android Studio\jre\bin\jimage.dll
0x00007ffc73fe0000 - 0x00007ffc73ff8000 	C:\Program Files\Android\Android Studio\jre\bin\zip.dll
0x00007ffcdf650000 - 0x00007ffcdfe2d000 	C:\WINDOWS\System32\SHELL32.dll
0x00007ffcdb8c0000 - 0x00007ffcdc176000 	C:\WINDOWS\SYSTEM32\windows.storage.dll
0x00007ffcdb780000 - 0x00007ffcdb8bd000 	C:\WINDOWS\SYSTEM32\wintypes.dll
0x00007ffce0e60000 - 0x00007ffce0f51000 	C:\WINDOWS\System32\SHCORE.dll
0x00007ffce1040000 - 0x00007ffce109e000 	C:\WINDOWS\System32\shlwapi.dll
0x00007ffcde680000 - 0x00007ffcde6a1000 	C:\WINDOWS\SYSTEM32\profapi.dll
0x00007ffc73fc0000 - 0x00007ffc73fda000 	C:\Program Files\Android\Android Studio\jre\bin\net.dll
0x00007ffcd42f0000 - 0x00007ffcd441f000 	C:\WINDOWS\SYSTEM32\WINHTTP.dll
0x00007ffcdd5b0000 - 0x00007ffcdd619000 	C:\WINDOWS\system32\mswsock.dll
0x00007ffc73fa0000 - 0x00007ffc73fb4000 	C:\Program Files\Android\Android Studio\jre\bin\nio.dll
0x00007ffca2bd0000 - 0x00007ffca2bf7000 	C:\Users\Asus\.gradle\native\e1d6ef7f7dcc3fd88c89a11ec53ec762bb8ba0a96d01ffa2cd45eb1d1d8dd5c5\windows-amd64\native-platform.dll
0x00007ffc6d750000 - 0x00007ffc6d894000 	C:\Users\Asus\.gradle\native\5664cfc778a61ccfe75a443a1ab52a65af34e5dc3c78e0209fed803814484fcb\windows-amd64\native-platform-file-events.dll
0x00007ffc73f90000 - 0x00007ffc73f9a000 	C:\Program Files\Android\Android Studio\jre\bin\management.dll
0x00007ffc73f80000 - 0x00007ffc73f8d000 	C:\Program Files\Android\Android Studio\jre\bin\management_ext.dll
0x00007ffcde3f0000 - 0x00007ffcde40b000 	C:\WINDOWS\SYSTEM32\CRYPTSP.dll
0x00007ffcdc8b0000 - 0x00007ffcdc8e5000 	C:\WINDOWS\system32\rsaenh.dll
0x00007ffcdd6a0000 - 0x00007ffcdd6c8000 	C:\WINDOWS\SYSTEM32\USERENV.dll
0x00007ffcde050000 - 0x00007ffcde078000 	C:\WINDOWS\SYSTEM32\bcrypt.dll
0x00007ffcdd7f0000 - 0x00007ffcdd7fc000 	C:\WINDOWS\SYSTEM32\CRYPTBASE.dll
0x00007ffcdc3d0000 - 0x00007ffcdc3fd000 	C:\WINDOWS\SYSTEM32\IPHLPAPI.DLL
0x00007ffcdffd0000 - 0x00007ffcdffd9000 	C:\WINDOWS\System32\NSI.dll
0x00007ffcd42d0000 - 0x00007ffcd42e9000 	C:\WINDOWS\SYSTEM32\dhcpcsvc6.DLL
0x00007ffcd42b0000 - 0x00007ffcd42cf000 	C:\WINDOWS\SYSTEM32\dhcpcsvc.DLL
0x00007ffcdc490000 - 0x00007ffcdc582000 	C:\WINDOWS\SYSTEM32\DNSAPI.dll

dbghelp: loaded successfully - version: 4.0.5 - missing functions: none
symbol engine: initialized successfully - sym options: 0x614 - pdb path: .;C:\Program Files\Android\Android Studio\jre\bin;C:\WINDOWS\SYSTEM32;C:\WINDOWS\WinSxS\amd64_microsoft.windows.common-controls_6595b64144ccf1df_6.0.22621.436_none_a94247dbc10d8414;C:\Program Files\Android\Android Studio\jre\bin\server;C:\Users\Asus\.gradle\native\e1d6ef7f7dcc3fd88c89a11ec53ec762bb8ba0a96d01ffa2cd45eb1d1d8dd5c5\windows-amd64;C:\Users\Asus\.gradle\native\5664cfc778a61ccfe75a443a1ab52a65af34e5dc3c78e0209fed803814484fcb\windows-amd64

VM Arguments:
jvm_args: --add-opens=java.base/java.util=ALL-UNNAMED --add-opens=java.base/java.lang=ALL-UNNAMED --add-opens=java.base/java.lang.invoke=ALL-UNNAMED --add-opens=java.base/java.util=ALL-UNNAMED --add-opens=java.prefs/java.util.prefs=ALL-UNNAMED --add-opens=java.prefs/java.util.prefs=ALL-UNNAMED --add-opens=java.base/java.nio.charset=ALL-UNNAMED --add-opens=java.base/java.net=ALL-UNNAMED --add-opens=java.base/java.util.concurrent.atomic=ALL-UNNAMED -Xmx2048m -Dfile.encoding=UTF-8 -Duser.country=US -Duser.language=en -Duser.variant 
java_command: org.gradle.launcher.daemon.bootstrap.GradleDaemon 7.3.3
java_class_path (initial): C:\Users\Asus\.gradle\wrapper\dists\gradle-7.3.3-bin\6a41zxkdtcxs8rphpq6y0069z\gradle-7.3.3\lib\gradle-launcher-7.3.3.jar
Launcher Type: SUN_STANDARD

[Global flags]
     intx CICompilerCount                          = 4                                         {product} {ergonomic}
     uint ConcGCThreads                            = 2                                         {product} {ergonomic}
     uint G1ConcRefinementThreads                  = 8                                         {product} {ergonomic}
   size_t G1HeapRegionSize                         = 1048576                                   {product} {ergonomic}
    uintx GCDrainStackTargetSize                   = 64                                        {product} {ergonomic}
   size_t InitialHeapSize                          = 266338304                                 {product} {ergonomic}
   size_t MarkStackSize                            = 4194304                                   {product} {ergonomic}
   size_t MaxHeapSize                              = 2147483648                                {product} {command line}
   size_t MaxNewSize                               = 1287651328                                {product} {ergonomic}
   size_t MinHeapDeltaBytes                        = 1048576                                   {product} {ergonomic}
    uintx NonNMethodCodeHeapSize                   = 5836300                                {pd product} {ergonomic}
    uintx NonProfiledCodeHeapSize                  = 122910970                              {pd product} {ergonomic}
    uintx ProfiledCodeHeapSize                     = 122910970                              {pd product} {ergonomic}
    uintx ReservedCodeCacheSize                    = 251658240                              {pd product} {ergonomic}
     bool SegmentedCodeCache                       = true                                      {product} {ergonomic}
     bool UseCompressedClassPointers               = true                                 {lp64_product} {ergonomic}
     bool UseCompressedOops                        = true                                 {lp64_product} {ergonomic}
     bool UseG1GC                                  = true                                      {product} {ergonomic}
     bool UseLargePagesIndividualAllocation        = false                                  {pd product} {ergonomic}

Logging:
Log output configuration:
 #0: stdout all=warning uptime,level,tags
 #1: stderr all=off uptime,level,tags

Environment Variables:
PATH=C:\Program Files\Eclipse Adoptium\jdk-17.0.4.8-hotspot\bin;C:\Program Files (x86)\Common Files\Oracle\Java\javapath;C:\ProgramData\Oracle\Java\javapath;C:\Windows\system32;C:\Windows;C:\Windows\System32\Wbem;C:\Windows\System32\WindowsPowerShell\v1.0\;C:\Windows\System32\OpenSSH\;C:\Program Files (x86)\NVIDIA Corporation\PhysX\Common;C:\Program Files\Intel\WiFi\bin\;C:\Program Files\Common Files\Intel\WirelessCommon\;C:\WINDOWS\system32;C:\WINDOWS;C:\WINDOWS\System32\Wbem;C:\WINDOWS\System32\WindowsPowerShell\v1.0\;C:\WINDOWS\System32\OpenSSH\;C:\Program Files\NVIDIA Corporation\NVIDIA NvDLISR;C:\WINDOWS\system32;C:\WINDOWS;C:\WINDOWS\System32\Wbem;C:\WINDOWS\System32\WindowsPowerShell\v1.0\;C:\WINDOWS\System32\OpenSSH\;e:\soft\quartus\bin;C:\Program Files\CodeBlocks\MinGW\bin;C:\Program Files\Git\cmd;C:\Users\Asus\AppData\Local\Programs\Python\Python310\Scripts\;C:\Users\Asus\AppData\Local\Programs\Python\Python310\;C:\ProgramData\Oracle\Java\javapath;C:\Windows\system32;C:\Windows;C:\Windows\System32\Wbem;C:\Windows\System32\WindowsPowerShell\v1.0\;C:\Windows\System32\OpenSSH\;C:\Program Files (x86)\NVIDIA Corporation\PhysX\Common;C:\Program Files\Intel\WiFi\bin\;C:\Program Files\Common Files\Intel\WirelessCommon\;C:\Program Files\Git\cmd;C:\Program Files\Git\cmdC:\Program Files\Java\jre1.8.0_111\bin;C:\Program Files\Java\jre1.8.0_111\bin;C:\Users\Asus\AppData\Local\GitHubDesktop\bin;C:\Users\Asus\AppData\Local\Microsoft\WindowsApps;C:\Program Files (x86)\VisioForge\Video Capture SDK Delphi TRIAL\Redist\FFMPEG\;C:\Program Files (x86)\VisioForge\Video Capture SDK Delphi TRIAL\Redist\VLC\;C:\Program Files (x86)\VisioForge\Video Capture SDK Delphi TRIAL\Redist\Filters\;;C:\Users\Asus\AppData\Local\Programs\Microsoft VS Code\bin;E:\soft\brakets\
USERNAME=Asus
OS=Windows_NT
PROCESSOR_IDENTIFIER=Intel64 Family 6 Model 142 Stepping 11, GenuineIntel



---------------  S Y S T E M  ---------------

OS: Windows 10 , 64 bit Build 22621 (10.0.22621.590)
OS uptime: 0 days 0:03 hours

CPU:total 8 (initial active 8) (4 cores per cpu, 2 threads per core) family 6 model 142 stepping 11 microcode 0xde, cmov, cx8, fxsr, mmx, sse, sse2, sse3, ssse3, sse4.1, sse4.2, popcnt, avx, avx2, aes, clmul, erms, 3dnowpref, lzcnt, ht, tsc, tscinvbit, bmi1, bmi2, adx, fma

Memory: 4k page, system-wide physical 16235M (8802M free)
TotalPageFile size 18667M (AvailPageFile size 10719M)
current process WorkingSet (physical memory assigned to process): 407M, peak: 418M
current process commit charge ("private bytes"): 485M, peak: 498M

vm_info: OpenJDK 64-Bit Server VM (11.0.12+7-b1504.28-7817840) for windows-amd64 JRE (11.0.12+7-b1504.28-7817840), built on Oct 13 2021 22:12:33 by "builder" with MS VC++ 14.0 (VS2015)

END.
